{"total": {"lines":{"total":422,"covered":210,"skipped":0,"pct":49.76},"statements":{"total":510,"covered":263,"skipped":0,"pct":51.56},"functions":{"total":156,"covered":56,"skipped":0,"pct":35.89},"branches":{"total":119,"covered":45,"skipped":0,"pct":37.81},"branchesTrue":{"total":0,"covered":0,"skipped":0,"pct":100}}
,"/Users/addison.calles/Desktop/streetzero/src/drawable.class.ts": {"lines":{"total":61,"covered":41,"skipped":0,"pct":67.21},"functions":{"total":25,"covered":17,"skipped":0,"pct":68},"statements":{"total":73,"covered":53,"skipped":0,"pct":72.6},"branches":{"total":3,"covered":0,"skipped":0,"pct":0}}
,"/Users/addison.calles/Desktop/streetzero/src/eventListener.class.ts": {"lines":{"total":9,"covered":5,"skipped":0,"pct":55.55},"functions":{"total":7,"covered":1,"skipped":0,"pct":14.28},"statements":{"total":12,"covered":6,"skipped":0,"pct":50},"branches":{"total":0,"covered":0,"skipped":0,"pct":100}}
,"/Users/addison.calles/Desktop/streetzero/src/game.class.ts": {"lines":{"total":108,"covered":80,"skipped":0,"pct":74.07},"functions":{"total":48,"covered":16,"skipped":0,"pct":33.33},"statements":{"total":124,"covered":91,"skipped":0,"pct":73.38},"branches":{"total":58,"covered":43,"skipped":0,"pct":74.13}}
,"/Users/addison.calles/Desktop/streetzero/src/health.class.ts": {"lines":{"total":20,"covered":10,"skipped":0,"pct":50},"functions":{"total":9,"covered":1,"skipped":0,"pct":11.11},"statements":{"total":26,"covered":11,"skipped":0,"pct":42.3},"branches":{"total":2,"covered":0,"skipped":0,"pct":0}}
,"/Users/addison.calles/Desktop/streetzero/src/index.ts": {"lines":{"total":10,"covered":10,"skipped":0,"pct":100},"functions":{"total":9,"covered":9,"skipped":0,"pct":100},"statements":{"total":19,"covered":19,"skipped":0,"pct":100},"branches":{"total":0,"covered":0,"skipped":0,"pct":100}}
,"/Users/addison.calles/Desktop/streetzero/src/kinematic.class.ts": {"lines":{"total":59,"covered":22,"skipped":0,"pct":37.28},"functions":{"total":18,"covered":2,"skipped":0,"pct":11.11},"statements":{"total":70,"covered":24,"skipped":0,"pct":34.28},"branches":{"total":26,"covered":2,"skipped":0,"pct":7.69}}
,"/Users/addison.calles/Desktop/streetzero/src/layerPath.class.ts": {"lines":{"total":21,"covered":7,"skipped":0,"pct":33.33},"functions":{"total":8,"covered":1,"skipped":0,"pct":12.5},"statements":{"total":25,"covered":8,"skipped":0,"pct":32},"branches":{"total":2,"covered":0,"skipped":0,"pct":0}}
,"/Users/addison.calles/Desktop/streetzero/src/point.class.ts": {"lines":{"total":5,"covered":2,"skipped":0,"pct":40},"functions":{"total":2,"covered":1,"skipped":0,"pct":50},"statements":{"total":7,"covered":3,"skipped":0,"pct":42.85},"branches":{"total":2,"covered":0,"skipped":0,"pct":0}}
,"/Users/addison.calles/Desktop/streetzero/src/vector.class.ts": {"lines":{"total":71,"covered":17,"skipped":0,"pct":23.94},"functions":{"total":16,"covered":1,"skipped":0,"pct":6.25},"statements":{"total":82,"covered":18,"skipped":0,"pct":21.95},"branches":{"total":12,"covered":0,"skipped":0,"pct":0}}
,"/Users/addison.calles/Desktop/streetzero/src/cli/init.js": {"lines":{"total":0,"covered":0,"skipped":0,"pct":100},"functions":{"total":0,"covered":0,"skipped":0,"pct":100},"statements":{"total":0,"covered":0,"skipped":0,"pct":100},"branches":{"total":0,"covered":0,"skipped":0,"pct":100}}
,"/Users/addison.calles/Desktop/streetzero/src/helpers/color.ts": {"lines":{"total":3,"covered":1,"skipped":0,"pct":33.33},"functions":{"total":1,"covered":0,"skipped":0,"pct":0},"statements":{"total":3,"covered":1,"skipped":0,"pct":33.33},"branches":{"total":2,"covered":0,"skipped":0,"pct":0}}
,"/Users/addison.calles/Desktop/streetzero/src/helpers/math.ts": {"lines":{"total":19,"covered":15,"skipped":0,"pct":78.94},"functions":{"total":9,"covered":7,"skipped":0,"pct":77.77},"statements":{"total":33,"covered":29,"skipped":0,"pct":87.87},"branches":{"total":4,"covered":0,"skipped":0,"pct":0}}
,"/Users/addison.calles/Desktop/streetzero/src/templates/space/main.js": {"lines":{"total":36,"covered":0,"skipped":0,"pct":0},"functions":{"total":4,"covered":0,"skipped":0,"pct":0},"statements":{"total":36,"covered":0,"skipped":0,"pct":0},"branches":{"total":8,"covered":0,"skipped":0,"pct":0}}
}
