{"total": {"lines":{"total":396,"covered":324,"skipped":0,"pct":81.81},"statements":{"total":483,"covered":396,"skipped":0,"pct":81.98},"functions":{"total":154,"covered":110,"skipped":0,"pct":71.42},"branches":{"total":115,"covered":77,"skipped":0,"pct":66.95},"branchesTrue":{"total":0,"covered":0,"skipped":0,"pct":100}}
,"C:\\Users\\Kiosko\\Desktop\\streetzero\\src\\drawable.class.ts": {"lines":{"total":61,"covered":57,"skipped":0,"pct":93.44},"functions":{"total":25,"covered":22,"skipped":0,"pct":88},"statements":{"total":73,"covered":69,"skipped":0,"pct":94.52},"branches":{"total":3,"covered":1,"skipped":0,"pct":33.33}}
,"C:\\Users\\Kiosko\\Desktop\\streetzero\\src\\eventListener.class.ts": {"lines":{"total":9,"covered":9,"skipped":0,"pct":100},"functions":{"total":7,"covered":7,"skipped":0,"pct":100},"statements":{"total":12,"covered":12,"skipped":0,"pct":100},"branches":{"total":0,"covered":0,"skipped":0,"pct":100}}
,"C:\\Users\\Kiosko\\Desktop\\streetzero\\src\\game.class.ts": {"lines":{"total":110,"covered":92,"skipped":0,"pct":83.63},"functions":{"total":49,"covered":30,"skipped":0,"pct":61.22},"statements":{"total":126,"covered":107,"skipped":0,"pct":84.92},"branches":{"total":58,"covered":43,"skipped":0,"pct":74.13}}
,"C:\\Users\\Kiosko\\Desktop\\streetzero\\src\\health.class.ts": {"lines":{"total":24,"covered":24,"skipped":0,"pct":100},"functions":{"total":9,"covered":9,"skipped":0,"pct":100},"statements":{"total":31,"covered":31,"skipped":0,"pct":100},"branches":{"total":6,"covered":6,"skipped":0,"pct":100}}
,"C:\\Users\\Kiosko\\Desktop\\streetzero\\src\\index.ts": {"lines":{"total":10,"covered":10,"skipped":0,"pct":100},"functions":{"total":9,"covered":9,"skipped":0,"pct":100},"statements":{"total":19,"covered":19,"skipped":0,"pct":100},"branches":{"total":0,"covered":0,"skipped":0,"pct":100}}
,"C:\\Users\\Kiosko\\Desktop\\streetzero\\src\\kinematic.class.ts": {"lines":{"total":62,"covered":52,"skipped":0,"pct":83.87},"functions":{"total":19,"covered":10,"skipped":0,"pct":52.63},"statements":{"total":73,"covered":60,"skipped":0,"pct":82.19},"branches":{"total":26,"covered":21,"skipped":0,"pct":80.76}}
,"C:\\Users\\Kiosko\\Desktop\\streetzero\\src\\layerPath.class.ts": {"lines":{"total":21,"covered":12,"skipped":0,"pct":57.14},"functions":{"total":8,"covered":2,"skipped":0,"pct":25},"statements":{"total":25,"covered":13,"skipped":0,"pct":52},"branches":{"total":2,"covered":0,"skipped":0,"pct":0}}
,"C:\\Users\\Kiosko\\Desktop\\streetzero\\src\\point.class.ts": {"lines":{"total":5,"covered":5,"skipped":0,"pct":100},"functions":{"total":2,"covered":2,"skipped":0,"pct":100},"statements":{"total":7,"covered":7,"skipped":0,"pct":100},"branches":{"total":2,"covered":2,"skipped":0,"pct":100}}
,"C:\\Users\\Kiosko\\Desktop\\streetzero\\src\\vector.class.ts": {"lines":{"total":72,"covered":43,"skipped":0,"pct":59.72},"functions":{"total":16,"covered":10,"skipped":0,"pct":62.5},"statements":{"total":81,"covered":44,"skipped":0,"pct":54.32},"branches":{"total":12,"covered":0,"skipped":0,"pct":0}}
,"C:\\Users\\Kiosko\\Desktop\\streetzero\\src\\helpers\\color.ts": {"lines":{"total":3,"covered":1,"skipped":0,"pct":33.33},"functions":{"total":1,"covered":0,"skipped":0,"pct":0},"statements":{"total":3,"covered":1,"skipped":0,"pct":33.33},"branches":{"total":2,"covered":0,"skipped":0,"pct":0}}
,"C:\\Users\\Kiosko\\Desktop\\streetzero\\src\\helpers\\math.ts": {"lines":{"total":19,"covered":19,"skipped":0,"pct":100},"functions":{"total":9,"covered":9,"skipped":0,"pct":100},"statements":{"total":33,"covered":33,"skipped":0,"pct":100},"branches":{"total":4,"covered":4,"skipped":0,"pct":100}}
}
