{"/Users/addison.calles/Desktop/streetzero/src/drawable.class.ts": {"path":"/Users/addison.calles/Desktop/streetzero/src/drawable.class.ts","statementMap":{"0":{"start":{"line":1,"column":0},"end":{"line":1,"column":52}},"1":{"start":{"line":4,"column":0},"end":{"line":4,"column":13}},"2":{"start":{"line":15,"column":54},"end":{"line":15,"column":74}},"3":{"start":{"line":15,"column":74},"end":{"line":15,"column":null}},"4":{"start":{"line":6,"column":12},"end":{"line":6,"column":37}},"5":{"start":{"line":8,"column":12},"end":{"line":8,"column":38}},"6":{"start":{"line":13,"column":12},"end":{"line":13,"column":34}},"7":{"start":{"line":14,"column":12},"end":{"line":14,"column":36}},"8":{"start":{"line":16,"column":8},"end":{"line":16,"column":29}},"9":{"start":{"line":17,"column":8},"end":{"line":17,"column":31}},"10":{"start":{"line":18,"column":8},"end":{"line":18,"column":21}},"11":{"start":{"line":19,"column":8},"end":{"line":19,"column":21}},"12":{"start":{"line":20,"column":8},"end":{"line":20,"column":45}},"13":{"start":{"line":21,"column":8},"end":{"line":21,"column":31}},"14":{"start":{"line":23,"column":4},"end":{"line":25,"column":null}},"15":{"start":{"line":24,"column":8},"end":{"line":24,"column":30}},"16":{"start":{"line":26,"column":4},"end":{"line":29,"column":null}},"17":{"start":{"line":27,"column":8},"end":{"line":27,"column":21}},"18":{"start":{"line":28,"column":8},"end":{"line":28,"column":21}},"19":{"start":{"line":30,"column":4},"end":{"line":32,"column":null}},"20":{"start":{"line":31,"column":8},"end":{"line":31,"column":48}},"21":{"start":{"line":33,"column":4},"end":{"line":36,"column":null}},"22":{"start":{"line":34,"column":37},"end":{"line":34,"column":70}},"23":{"start":{"line":35,"column":8},"end":{"line":35,"column":46}},"24":{"start":{"line":37,"column":4},"end":{"line":40,"column":null}},"25":{"start":{"line":38,"column":8},"end":{"line":38,"column":20}},"26":{"start":{"line":39,"column":8},"end":{"line":39,"column":20}},"27":{"start":{"line":42,"column":4},"end":{"line":45,"column":null}},"28":{"start":{"line":43,"column":8},"end":{"line":43,"column":30}},"29":{"start":{"line":44,"column":8},"end":{"line":44,"column":50}},"30":{"start":{"line":46,"column":4},"end":{"line":48,"column":null}},"31":{"start":{"line":47,"column":8},"end":{"line":47,"column":65}},"32":{"start":{"line":49,"column":4},"end":{"line":64,"column":null}},"33":{"start":{"line":50,"column":8},"end":{"line":50,"column":33}},"34":{"start":{"line":51,"column":8},"end":{"line":53,"column":11}},"35":{"start":{"line":52,"column":12},"end":{"line":52,"column":27}},"36":{"start":{"line":54,"column":8},"end":{"line":63,"column":null}},"37":{"start":{"line":55,"column":12},"end":{"line":55,"column":46}},"38":{"start":{"line":56,"column":12},"end":{"line":56,"column":45}},"39":{"start":{"line":57,"column":12},"end":{"line":57,"column":106}},"40":{"start":{"line":58,"column":12},"end":{"line":58,"column":46}},"41":{"start":{"line":59,"column":12},"end":{"line":59,"column":77}},"42":{"start":{"line":60,"column":12},"end":{"line":60,"column":37}},"43":{"start":{"line":61,"column":12},"end":{"line":61,"column":64}},"44":{"start":{"line":62,"column":12},"end":{"line":62,"column":32}},"45":{"start":{"line":65,"column":11},"end":{"line":67,"column":null}},"46":{"start":{"line":66,"column":8},"end":{"line":66,"column":27}},"47":{"start":{"line":68,"column":4},"end":{"line":70,"column":null}},"48":{"start":{"line":69,"column":8},"end":{"line":69,"column":27}},"49":{"start":{"line":71,"column":4},"end":{"line":71,"column":null}},"50":{"start":{"line":71,"column":32},"end":{"line":71,"column":49}},"51":{"start":{"line":72,"column":4},"end":{"line":72,"column":null}},"52":{"start":{"line":72,"column":19},"end":{"line":72,"column":39}},"53":{"start":{"line":73,"column":4},"end":{"line":73,"column":null}},"54":{"start":{"line":73,"column":14},"end":{"line":73,"column":46}},"55":{"start":{"line":74,"column":4},"end":{"line":74,"column":null}},"56":{"start":{"line":74,"column":14},"end":{"line":74,"column":46}},"57":{"start":{"line":75,"column":4},"end":{"line":75,"column":null}},"58":{"start":{"line":75,"column":15},"end":{"line":75,"column":43}},"59":{"start":{"line":76,"column":4},"end":{"line":76,"column":null}},"60":{"start":{"line":76,"column":15},"end":{"line":76,"column":44}},"61":{"start":{"line":77,"column":4},"end":{"line":77,"column":null}},"62":{"start":{"line":77,"column":21},"end":{"line":77,"column":43}},"63":{"start":{"line":82,"column":26},"end":{"line":82,"column":49}},"64":{"start":{"line":78,"column":4},"end":{"line":78,"column":null}},"65":{"start":{"line":78,"column":18},"end":{"line":78,"column":37}},"66":{"start":{"line":79,"column":4},"end":{"line":79,"column":null}},"67":{"start":{"line":79,"column":19},"end":{"line":79,"column":39}},"68":{"start":{"line":80,"column":4},"end":{"line":80,"column":null}},"69":{"start":{"line":80,"column":19},"end":{"line":80,"column":39}},"70":{"start":{"line":81,"column":24},"end":{"line":81,"column":45}},"71":{"start":{"line":84,"column":0},"end":{"line":84,"column":null}},"72":{"start":{"line":4,"column":13},"end":{"line":4,"column":21}}},"fnMap":{"0":{"name":"(anonymous_0)","decl":{"start":{"line":4,"column":0},"end":{"line":4,"column":13}},"loc":{"start":{"line":4,"column":0},"end":{"line":84,"column":null}}},"1":{"name":"Drawable","decl":{"start":{"line":15,"column":4},"end":{"line":15,"column":16}},"loc":{"start":{"line":15,"column":93},"end":{"line":22,"column":5}}},"2":{"name":"(anonymous_2)","decl":{"start":{"line":23,"column":4},"end":{"line":23,"column":13}},"loc":{"start":{"line":23,"column":33},"end":{"line":25,"column":5}}},"3":{"name":"(anonymous_3)","decl":{"start":{"line":26,"column":4},"end":{"line":26,"column":8}},"loc":{"start":{"line":26,"column":29},"end":{"line":29,"column":5}}},"4":{"name":"(anonymous_4)","decl":{"start":{"line":30,"column":4},"end":{"line":30,"column":10}},"loc":{"start":{"line":30,"column":24},"end":{"line":32,"column":5}}},"5":{"name":"(anonymous_5)","decl":{"start":{"line":33,"column":4},"end":{"line":33,"column":12}},"loc":{"start":{"line":33,"column":41},"end":{"line":36,"column":5}}},"6":{"name":"(anonymous_6)","decl":{"start":{"line":37,"column":4},"end":{"line":37,"column":10}},"loc":{"start":{"line":37,"column":31},"end":{"line":40,"column":5}}},"7":{"name":"(anonymous_7)","decl":{"start":{"line":42,"column":4},"end":{"line":42,"column":13}},"loc":{"start":{"line":42,"column":25},"end":{"line":45,"column":5}}},"8":{"name":"(anonymous_8)","decl":{"start":{"line":46,"column":4},"end":{"line":46,"column":16}},"loc":{"start":{"line":46,"column":4},"end":{"line":48,"column":5}}},"9":{"name":"(anonymous_9)","decl":{"start":{"line":49,"column":4},"end":{"line":49,"column":10}},"loc":{"start":{"line":49,"column":4},"end":{"line":64,"column":5}}},"10":{"name":"(anonymous_10)","decl":{"start":{"line":51,"column":29},"end":{"line":51,"column":30}},"loc":{"start":{"line":51,"column":35},"end":{"line":53,"column":9}}},"11":{"name":"(anonymous_11)","decl":{"start":{"line":65,"column":4},"end":{"line":65,"column":11}},"loc":{"start":{"line":65,"column":4},"end":{"line":67,"column":5}}},"12":{"name":"(anonymous_12)","decl":{"start":{"line":68,"column":4},"end":{"line":68,"column":15}},"loc":{"start":{"line":68,"column":4},"end":{"line":70,"column":5}}},"13":{"name":"(anonymous_13)","decl":{"start":{"line":71,"column":4},"end":{"line":71,"column":15}},"loc":{"start":{"line":71,"column":4},"end":{"line":71,"column":51}}},"14":{"name":"(anonymous_14)","decl":{"start":{"line":72,"column":4},"end":{"line":72,"column":8}},"loc":{"start":{"line":72,"column":4},"end":{"line":72,"column":41}}},"15":{"name":"(anonymous_15)","decl":{"start":{"line":73,"column":4},"end":{"line":73,"column":8}},"loc":{"start":{"line":73,"column":4},"end":{"line":73,"column":48}}},"16":{"name":"(anonymous_16)","decl":{"start":{"line":74,"column":4},"end":{"line":74,"column":8}},"loc":{"start":{"line":74,"column":4},"end":{"line":74,"column":48}}},"17":{"name":"(anonymous_17)","decl":{"start":{"line":75,"column":4},"end":{"line":75,"column":8}},"loc":{"start":{"line":75,"column":4},"end":{"line":75,"column":45}}},"18":{"name":"(anonymous_18)","decl":{"start":{"line":76,"column":4},"end":{"line":76,"column":8}},"loc":{"start":{"line":76,"column":4},"end":{"line":76,"column":46}}},"19":{"name":"(anonymous_19)","decl":{"start":{"line":77,"column":4},"end":{"line":77,"column":8}},"loc":{"start":{"line":77,"column":4},"end":{"line":77,"column":45}}},"20":{"name":"(anonymous_20)","decl":{"start":{"line":82,"column":4},"end":{"line":82,"column":17}},"loc":{"start":{"line":82,"column":22},"end":{"line":82,"column":51}}},"21":{"name":"(anonymous_21)","decl":{"start":{"line":78,"column":4},"end":{"line":78,"column":8}},"loc":{"start":{"line":78,"column":4},"end":{"line":78,"column":39}}},"22":{"name":"(anonymous_22)","decl":{"start":{"line":79,"column":4},"end":{"line":79,"column":8}},"loc":{"start":{"line":79,"column":4},"end":{"line":79,"column":41}}},"23":{"name":"(anonymous_23)","decl":{"start":{"line":80,"column":4},"end":{"line":80,"column":8}},"loc":{"start":{"line":80,"column":4},"end":{"line":80,"column":41}}},"24":{"name":"(anonymous_24)","decl":{"start":{"line":81,"column":4},"end":{"line":81,"column":15}},"loc":{"start":{"line":81,"column":20},"end":{"line":81,"column":47}}}},"branchMap":{"0":{"loc":{"start":{"line":15,"column":54},"end":{"line":15,"column":74}},"type":"if","locations":[{"start":{"line":15,"column":54},"end":{"line":15,"column":74}}]},"1":{"loc":{"start":{"line":15,"column":74},"end":{"line":15,"column":null}},"type":"if","locations":[{"start":{"line":15,"column":74},"end":{"line":15,"column":null}}]},"2":{"loc":{"start":{"line":54,"column":8},"end":{"line":63,"column":null}},"type":"if","locations":[{"start":{"line":54,"column":8},"end":{"line":63,"column":null}}]}},"s":{"0":2,"1":2,"2":6,"3":6,"4":6,"5":6,"6":6,"7":6,"8":6,"9":6,"10":6,"11":6,"12":6,"13":6,"14":2,"15":0,"16":2,"17":1,"18":1,"19":2,"20":3,"21":2,"22":0,"23":0,"24":2,"25":1,"26":1,"27":2,"28":0,"29":0,"30":2,"31":1,"32":2,"33":0,"34":0,"35":0,"36":0,"37":0,"38":0,"39":0,"40":0,"41":0,"42":0,"43":0,"44":0,"45":2,"46":0,"47":2,"48":0,"49":2,"50":1,"51":2,"52":1,"53":2,"54":6,"55":2,"56":6,"57":2,"58":1,"59":2,"60":1,"61":2,"62":4,"63":0,"64":2,"65":2,"66":2,"67":2,"68":2,"69":6,"70":4,"71":2,"72":2},"f":{"0":2,"1":6,"2":0,"3":1,"4":3,"5":0,"6":1,"7":0,"8":1,"9":0,"10":0,"11":0,"12":0,"13":1,"14":1,"15":6,"16":6,"17":1,"18":1,"19":4,"20":0,"21":2,"22":2,"23":6,"24":4},"b":{"0":[0],"1":[0],"2":[0]}}
,"/Users/addison.calles/Desktop/streetzero/src/eventListener.class.ts": {"path":"/Users/addison.calles/Desktop/streetzero/src/eventListener.class.ts","statementMap":{"0":{"start":{"line":1,"column":0},"end":{"line":1,"column":13}},"1":{"start":{"line":2,"column":4},"end":{"line":2,"column":32}},"2":{"start":{"line":5,"column":4},"end":{"line":7,"column":null}},"3":{"start":{"line":6,"column":8},"end":{"line":6,"column":39}},"4":{"start":{"line":8,"column":4},"end":{"line":10,"column":null}},"5":{"start":{"line":9,"column":8},"end":{"line":9,"column":80}},"6":{"start":{"line":9,"column":59},"end":{"line":9,"column":79}},"7":{"start":{"line":11,"column":4},"end":{"line":13,"column":null}},"8":{"start":{"line":12,"column":8},"end":{"line":12,"column":62}},"9":{"start":{"line":12,"column":44},"end":{"line":12,"column":61}},"10":{"start":{"line":14,"column":0},"end":{"line":14,"column":null}},"11":{"start":{"line":1,"column":13},"end":{"line":1,"column":26}}},"fnMap":{"0":{"name":"(anonymous_0)","decl":{"start":{"line":1,"column":0},"end":{"line":1,"column":13}},"loc":{"start":{"line":1,"column":0},"end":{"line":14,"column":null}}},"1":{"name":"EventListener","decl":{"start":{"line":3,"column":4},"end":{"line":3,"column":null}},"loc":{"start":{"line":3,"column":4},"end":{"line":4,"column":5}}},"2":{"name":"(anonymous_2)","decl":{"start":{"line":5,"column":4},"end":{"line":5,"column":13}},"loc":{"start":{"line":5,"column":32},"end":{"line":7,"column":5}}},"3":{"name":"(anonymous_3)","decl":{"start":{"line":8,"column":4},"end":{"line":8,"column":15}},"loc":{"start":{"line":8,"column":33},"end":{"line":10,"column":5}}},"4":{"name":"(anonymous_4)","decl":{"start":{"line":9,"column":49},"end":{"line":9,"column":50}},"loc":{"start":{"line":9,"column":56},"end":{"line":9,"column":65}}},"5":{"name":"(anonymous_5)","decl":{"start":{"line":11,"column":4},"end":{"line":11,"column":8}},"loc":{"start":{"line":11,"column":19},"end":{"line":13,"column":5}}},"6":{"name":"(anonymous_6)","decl":{"start":{"line":12,"column":32},"end":{"line":12,"column":33}},"loc":{"start":{"line":12,"column":41},"end":{"line":12,"column":52}}}},"branchMap":{},"s":{"0":1,"1":0,"2":1,"3":0,"4":1,"5":0,"6":0,"7":1,"8":0,"9":0,"10":1,"11":1},"f":{"0":1,"1":0,"2":0,"3":0,"4":0,"5":0,"6":0},"b":{}}
,"/Users/addison.calles/Desktop/streetzero/src/game.class.ts": {"path":"/Users/addison.calles/Desktop/streetzero/src/game.class.ts","statementMap":{"0":{"start":{"line":2,"column":0},"end":{"line":2,"column":13}},"1":{"start":{"line":3,"column":10},"end":{"line":3,"column":24}},"2":{"start":{"line":4,"column":10},"end":{"line":4,"column":21}},"3":{"start":{"line":6,"column":10},"end":{"line":6,"column":22}},"4":{"start":{"line":9,"column":10},"end":{"line":9,"column":28}},"5":{"start":{"line":10,"column":10},"end":{"line":10,"column":19}},"6":{"start":{"line":11,"column":10},"end":{"line":11,"column":26}},"7":{"start":{"line":12,"column":10},"end":{"line":12,"column":28}},"8":{"start":{"line":13,"column":10},"end":{"line":13,"column":32}},"9":{"start":{"line":14,"column":10},"end":{"line":14,"column":32}},"10":{"start":{"line":15,"column":10},"end":{"line":15,"column":30}},"11":{"start":{"line":17,"column":4},"end":{"line":17,"column":26}},"12":{"start":{"line":18,"column":4},"end":{"line":18,"column":44}},"13":{"start":{"line":19,"column":4},"end":{"line":19,"column":28}},"14":{"start":{"line":22,"column":2},"end":{"line":54,"column":null}},"15":{"start":{"line":23,"column":20},"end":{"line":23,"column":24}},"16":{"start":{"line":24,"column":4},"end":{"line":26,"column":7}},"17":{"start":{"line":25,"column":6},"end":{"line":25,"column":28}},"18":{"start":{"line":27,"column":4},"end":{"line":29,"column":7}},"19":{"start":{"line":28,"column":6},"end":{"line":28,"column":33}},"20":{"start":{"line":30,"column":4},"end":{"line":32,"column":7}},"21":{"start":{"line":31,"column":6},"end":{"line":31,"column":31}},"22":{"start":{"line":33,"column":4},"end":{"line":35,"column":7}},"23":{"start":{"line":34,"column":6},"end":{"line":34,"column":29}},"24":{"start":{"line":36,"column":4},"end":{"line":38,"column":14}},"25":{"start":{"line":37,"column":6},"end":{"line":37,"column":34}},"26":{"start":{"line":39,"column":4},"end":{"line":41,"column":14}},"27":{"start":{"line":40,"column":6},"end":{"line":40,"column":32}},"28":{"start":{"line":42,"column":4},"end":{"line":44,"column":14}},"29":{"start":{"line":43,"column":6},"end":{"line":43,"column":35}},"30":{"start":{"line":45,"column":4},"end":{"line":47,"column":7}},"31":{"start":{"line":46,"column":6},"end":{"line":46,"column":34}},"32":{"start":{"line":48,"column":4},"end":{"line":50,"column":7}},"33":{"start":{"line":49,"column":6},"end":{"line":49,"column":32}},"34":{"start":{"line":51,"column":4},"end":{"line":53,"column":7}},"35":{"start":{"line":52,"column":6},"end":{"line":52,"column":35}},"36":{"start":{"line":56,"column":2},"end":{"line":58,"column":null}},"37":{"start":{"line":57,"column":4},"end":{"line":57,"column":113}},"38":{"start":{"line":57,"column":39},"end":{"line":57,"column":113}},"39":{"start":{"line":59,"column":2},"end":{"line":61,"column":null}},"40":{"start":{"line":60,"column":4},"end":{"line":60,"column":22}},"41":{"start":{"line":62,"column":2},"end":{"line":64,"column":null}},"42":{"start":{"line":63,"column":4},"end":{"line":63,"column":23}},"43":{"start":{"line":65,"column":2},"end":{"line":71,"column":null}},"44":{"start":{"line":65,"column":2},"end":{"line":65,"column":11}},"45":{"start":{"line":65,"column":12},"end":{"line":65,"column":null}},"46":{"start":{"line":66,"column":4},"end":{"line":66,"column":18}},"47":{"start":{"line":67,"column":4},"end":{"line":67,"column":27}},"48":{"start":{"line":68,"column":4},"end":{"line":70,"column":20}},"49":{"start":{"line":69,"column":6},"end":{"line":69,"column":25}},"50":{"start":{"line":74,"column":2},"end":{"line":92,"column":null}},"51":{"start":{"line":74,"column":2},"end":{"line":74,"column":7}},"52":{"start":{"line":75,"column":4},"end":{"line":75,"column":19}},"53":{"start":{"line":76,"column":4},"end":{"line":76,"column":42}},"54":{"start":{"line":77,"column":4},"end":{"line":77,"column":21}},"55":{"start":{"line":78,"column":4},"end":{"line":91,"column":null}},"56":{"start":{"line":79,"column":6},"end":{"line":79,"column":25}},"57":{"start":{"line":80,"column":18},"end":{"line":80,"column":38}},"58":{"start":{"line":81,"column":30},"end":{"line":81,"column":52}},"59":{"start":{"line":82,"column":6},"end":{"line":82,"column":65}},"60":{"start":{"line":84,"column":6},"end":{"line":88,"column":null}},"61":{"start":{"line":85,"column":8},"end":{"line":85,"column":46}},"62":{"start":{"line":86,"column":8},"end":{"line":86,"column":37}},"63":{"start":{"line":87,"column":8},"end":{"line":87,"column":29}},"64":{"start":{"line":89,"column":6},"end":{"line":89,"column":25}},"65":{"start":{"line":90,"column":6},"end":{"line":90,"column":22}},"66":{"start":{"line":94,"column":2},"end":{"line":97,"column":null}},"67":{"start":{"line":95,"column":4},"end":{"line":95,"column":36}},"68":{"start":{"line":96,"column":4},"end":{"line":96,"column":18}},"69":{"start":{"line":98,"column":2},"end":{"line":100,"column":null}},"70":{"start":{"line":98,"column":18},"end":{"line":98,"column":null}},"71":{"start":{"line":99,"column":4},"end":{"line":99,"column":34}},"72":{"start":{"line":103,"column":2},"end":{"line":105,"column":null}},"73":{"start":{"line":104,"column":4},"end":{"line":104,"column":46}},"74":{"start":{"line":106,"column":2},"end":{"line":108,"column":null}},"75":{"start":{"line":107,"column":4},"end":{"line":107,"column":46}},"76":{"start":{"line":109,"column":2},"end":{"line":111,"column":null}},"77":{"start":{"line":110,"column":4},"end":{"line":110,"column":50}},"78":{"start":{"line":112,"column":2},"end":{"line":114,"column":null}},"79":{"start":{"line":113,"column":4},"end":{"line":113,"column":69}},"80":{"start":{"line":115,"column":2},"end":{"line":117,"column":null}},"81":{"start":{"line":116,"column":4},"end":{"line":116,"column":69}},"82":{"start":{"line":118,"column":2},"end":{"line":120,"column":null}},"83":{"start":{"line":119,"column":4},"end":{"line":119,"column":49}},"84":{"start":{"line":121,"column":2},"end":{"line":123,"column":null}},"85":{"start":{"line":122,"column":4},"end":{"line":122,"column":54}},"86":{"start":{"line":124,"column":2},"end":{"line":126,"column":null}},"87":{"start":{"line":125,"column":4},"end":{"line":125,"column":63}},"88":{"start":{"line":127,"column":2},"end":{"line":129,"column":null}},"89":{"start":{"line":128,"column":4},"end":{"line":128,"column":64}},"90":{"start":{"line":130,"column":2},"end":{"line":132,"column":null}},"91":{"start":{"line":131,"column":4},"end":{"line":131,"column":61}},"92":{"start":{"line":134,"column":2},"end":{"line":136,"column":null}},"93":{"start":{"line":135,"column":4},"end":{"line":135,"column":59}},"94":{"start":{"line":137,"column":2},"end":{"line":139,"column":null}},"95":{"start":{"line":138,"column":4},"end":{"line":138,"column":63}},"96":{"start":{"line":140,"column":2},"end":{"line":142,"column":null}},"97":{"start":{"line":141,"column":4},"end":{"line":141,"column":64}},"98":{"start":{"line":143,"column":2},"end":{"line":145,"column":null}},"99":{"start":{"line":144,"column":4},"end":{"line":144,"column":64}},"100":{"start":{"line":148,"column":2},"end":{"line":148,"column":null}},"101":{"start":{"line":148,"column":19},"end":{"line":148,"column":41}},"102":{"start":{"line":149,"column":33},"end":{"line":149,"column":56}},"103":{"start":{"line":150,"column":2},"end":{"line":150,"column":null}},"104":{"start":{"line":157,"column":15},"end":{"line":157,"column":34}},"105":{"start":{"line":150,"column":20},"end":{"line":150,"column":40}},"106":{"start":{"line":151,"column":2},"end":{"line":151,"column":null}},"107":{"start":{"line":151,"column":17},"end":{"line":151,"column":37}},"108":{"start":{"line":152,"column":2},"end":{"line":152,"column":null}},"109":{"start":{"line":152,"column":16},"end":{"line":152,"column":35}},"110":{"start":{"line":153,"column":2},"end":{"line":153,"column":null}},"111":{"start":{"line":153,"column":17},"end":{"line":153,"column":35}},"112":{"start":{"line":154,"column":2},"end":{"line":154,"column":null}},"113":{"start":{"line":154,"column":15},"end":{"line":154,"column":33}},"114":{"start":{"line":155,"column":2},"end":{"line":155,"column":null}},"115":{"start":{"line":155,"column":19},"end":{"line":155,"column":41}},"116":{"start":{"line":156,"column":2},"end":{"line":156,"column":null}},"117":{"start":{"line":156,"column":14},"end":{"line":156,"column":31}},"118":{"start":{"line":158,"column":2},"end":{"line":158,"column":null}},"119":{"start":{"line":158,"column":18},"end":{"line":158,"column":39}},"120":{"start":{"line":159,"column":2},"end":{"line":159,"column":null}},"121":{"start":{"line":159,"column":17},"end":{"line":159,"column":37}},"122":{"start":{"line":161,"column":0},"end":{"line":161,"column":null}},"123":{"start":{"line":2,"column":13},"end":{"line":2,"column":17}}},"fnMap":{"0":{"name":"(anonymous_0)","decl":{"start":{"line":2,"column":0},"end":{"line":2,"column":13}},"loc":{"start":{"line":2,"column":0},"end":{"line":161,"column":null}}},"1":{"name":"Game","decl":{"start":{"line":16,"column":2},"end":{"line":16,"column":14}},"loc":{"start":{"line":16,"column":39},"end":{"line":20,"column":3}}},"2":{"name":"(anonymous_2)","decl":{"start":{"line":22,"column":2},"end":{"line":22,"column":18}},"loc":{"start":{"line":22,"column":2},"end":{"line":54,"column":3}}},"3":{"name":"(anonymous_3)","decl":{"start":{"line":24,"column":44},"end":{"line":24,"column":54}},"loc":{"start":{"line":24,"column":64},"end":{"line":26,"column":5}}},"4":{"name":"(anonymous_4)","decl":{"start":{"line":27,"column":48},"end":{"line":27,"column":58}},"loc":{"start":{"line":27,"column":68},"end":{"line":29,"column":5}}},"5":{"name":"(anonymous_5)","decl":{"start":{"line":30,"column":42},"end":{"line":30,"column":52}},"loc":{"start":{"line":30,"column":62},"end":{"line":32,"column":5}}},"6":{"name":"(anonymous_6)","decl":{"start":{"line":33,"column":40},"end":{"line":33,"column":50}},"loc":{"start":{"line":33,"column":60},"end":{"line":35,"column":5}}},"7":{"name":"(anonymous_7)","decl":{"start":{"line":36,"column":49},"end":{"line":36,"column":59}},"loc":{"start":{"line":36,"column":69},"end":{"line":38,"column":5}}},"8":{"name":"(anonymous_8)","decl":{"start":{"line":39,"column":47},"end":{"line":39,"column":57}},"loc":{"start":{"line":39,"column":67},"end":{"line":41,"column":5}}},"9":{"name":"(anonymous_9)","decl":{"start":{"line":42,"column":50},"end":{"line":42,"column":60}},"loc":{"start":{"line":42,"column":70},"end":{"line":44,"column":5}}},"10":{"name":"(anonymous_10)","decl":{"start":{"line":45,"column":48},"end":{"line":45,"column":58}},"loc":{"start":{"line":45,"column":68},"end":{"line":47,"column":5}}},"11":{"name":"(anonymous_11)","decl":{"start":{"line":48,"column":46},"end":{"line":48,"column":56}},"loc":{"start":{"line":48,"column":66},"end":{"line":50,"column":5}}},"12":{"name":"(anonymous_12)","decl":{"start":{"line":51,"column":47},"end":{"line":51,"column":57}},"loc":{"start":{"line":51,"column":67},"end":{"line":53,"column":5}}},"13":{"name":"(anonymous_13)","decl":{"start":{"line":56,"column":2},"end":{"line":56,"column":13}},"loc":{"start":{"line":56,"column":2},"end":{"line":58,"column":3}}},"14":{"name":"(anonymous_14)","decl":{"start":{"line":59,"column":2},"end":{"line":59,"column":6}},"loc":{"start":{"line":59,"column":2},"end":{"line":61,"column":3}}},"15":{"name":"(anonymous_15)","decl":{"start":{"line":62,"column":2},"end":{"line":62,"column":7}},"loc":{"start":{"line":62,"column":2},"end":{"line":64,"column":3}}},"16":{"name":"(anonymous_16)","decl":{"start":{"line":65,"column":2},"end":{"line":65,"column":11}},"loc":{"start":{"line":65,"column":27},"end":{"line":71,"column":3}}},"17":{"name":"(anonymous_17)","decl":{"start":{"line":68,"column":15},"end":{"line":68,"column":null}},"loc":{"start":{"line":68,"column":15},"end":{"line":70,"column":5}}},"18":{"name":"(anonymous_18)","decl":{"start":{"line":74,"column":2},"end":{"line":74,"column":7}},"loc":{"start":{"line":74,"column":2},"end":{"line":92,"column":3}}},"19":{"name":"(anonymous_19)","decl":{"start":{"line":78,"column":35},"end":{"line":78,"column":null}},"loc":{"start":{"line":78,"column":35},"end":{"line":91,"column":5}}},"20":{"name":"(anonymous_20)","decl":{"start":{"line":94,"column":2},"end":{"line":94,"column":6}},"loc":{"start":{"line":94,"column":2},"end":{"line":97,"column":3}}},"21":{"name":"(anonymous_21)","decl":{"start":{"line":98,"column":2},"end":{"line":98,"column":17}},"loc":{"start":{"line":98,"column":34},"end":{"line":100,"column":3}}},"22":{"name":"(anonymous_22)","decl":{"start":{"line":103,"column":2},"end":{"line":103,"column":9}},"loc":{"start":{"line":103,"column":2},"end":{"line":105,"column":3}}},"23":{"name":"(anonymous_23)","decl":{"start":{"line":106,"column":2},"end":{"line":106,"column":8}},"loc":{"start":{"line":106,"column":2},"end":{"line":108,"column":3}}},"24":{"name":"(anonymous_24)","decl":{"start":{"line":109,"column":2},"end":{"line":109,"column":12}},"loc":{"start":{"line":109,"column":2},"end":{"line":111,"column":3}}},"25":{"name":"(anonymous_25)","decl":{"start":{"line":112,"column":2},"end":{"line":112,"column":8}},"loc":{"start":{"line":112,"column":19},"end":{"line":114,"column":3}}},"26":{"name":"(anonymous_26)","decl":{"start":{"line":115,"column":2},"end":{"line":115,"column":13}},"loc":{"start":{"line":115,"column":24},"end":{"line":117,"column":3}}},"27":{"name":"(anonymous_27)","decl":{"start":{"line":118,"column":2},"end":{"line":118,"column":11}},"loc":{"start":{"line":118,"column":2},"end":{"line":120,"column":3}}},"28":{"name":"(anonymous_28)","decl":{"start":{"line":121,"column":2},"end":{"line":121,"column":10}},"loc":{"start":{"line":121,"column":2},"end":{"line":123,"column":3}}},"29":{"name":"(anonymous_29)","decl":{"start":{"line":124,"column":2},"end":{"line":124,"column":14}},"loc":{"start":{"line":124,"column":24},"end":{"line":126,"column":3}}},"30":{"name":"(anonymous_30)","decl":{"start":{"line":127,"column":2},"end":{"line":127,"column":15}},"loc":{"start":{"line":127,"column":25},"end":{"line":129,"column":3}}},"31":{"name":"(anonymous_31)","decl":{"start":{"line":130,"column":2},"end":{"line":130,"column":12}},"loc":{"start":{"line":130,"column":22},"end":{"line":132,"column":3}}},"32":{"name":"(anonymous_32)","decl":{"start":{"line":134,"column":2},"end":{"line":134,"column":13}},"loc":{"start":{"line":134,"column":2},"end":{"line":136,"column":3}}},"33":{"name":"(anonymous_33)","decl":{"start":{"line":137,"column":2},"end":{"line":137,"column":17}},"loc":{"start":{"line":137,"column":2},"end":{"line":139,"column":3}}},"34":{"name":"(anonymous_34)","decl":{"start":{"line":140,"column":2},"end":{"line":140,"column":11}},"loc":{"start":{"line":140,"column":22},"end":{"line":142,"column":3}}},"35":{"name":"(anonymous_35)","decl":{"start":{"line":143,"column":2},"end":{"line":143,"column":9}},"loc":{"start":{"line":143,"column":20},"end":{"line":145,"column":3}}},"36":{"name":"(anonymous_36)","decl":{"start":{"line":148,"column":2},"end":{"line":148,"column":6}},"loc":{"start":{"line":148,"column":2},"end":{"line":148,"column":43}}},"37":{"name":"(anonymous_37)","decl":{"start":{"line":149,"column":2},"end":{"line":149,"column":15}},"loc":{"start":{"line":149,"column":29},"end":{"line":149,"column":58}}},"38":{"name":"(anonymous_38)","decl":{"start":{"line":157,"column":2},"end":{"line":157,"column":15}},"loc":{"start":{"line":157,"column":2},"end":{"line":157,"column":35}}},"39":{"name":"(anonymous_39)","decl":{"start":{"line":150,"column":2},"end":{"line":150,"column":6}},"loc":{"start":{"line":150,"column":17},"end":{"line":150,"column":41}}},"40":{"name":"(anonymous_40)","decl":{"start":{"line":151,"column":2},"end":{"line":151,"column":6}},"loc":{"start":{"line":151,"column":2},"end":{"line":151,"column":39}}},"41":{"name":"(anonymous_41)","decl":{"start":{"line":152,"column":2},"end":{"line":152,"column":6}},"loc":{"start":{"line":152,"column":2},"end":{"line":152,"column":37}}},"42":{"name":"(anonymous_42)","decl":{"start":{"line":153,"column":2},"end":{"line":153,"column":6}},"loc":{"start":{"line":153,"column":2},"end":{"line":153,"column":37}}},"43":{"name":"(anonymous_43)","decl":{"start":{"line":154,"column":2},"end":{"line":154,"column":6}},"loc":{"start":{"line":154,"column":2},"end":{"line":154,"column":35}}},"44":{"name":"(anonymous_44)","decl":{"start":{"line":155,"column":2},"end":{"line":155,"column":6}},"loc":{"start":{"line":155,"column":2},"end":{"line":155,"column":43}}},"45":{"name":"(anonymous_45)","decl":{"start":{"line":156,"column":2},"end":{"line":156,"column":6}},"loc":{"start":{"line":156,"column":2},"end":{"line":156,"column":33}}},"46":{"name":"(anonymous_46)","decl":{"start":{"line":158,"column":2},"end":{"line":158,"column":6}},"loc":{"start":{"line":158,"column":2},"end":{"line":158,"column":41}}},"47":{"name":"(anonymous_47)","decl":{"start":{"line":159,"column":2},"end":{"line":159,"column":6}},"loc":{"start":{"line":159,"column":2},"end":{"line":159,"column":39}}}},"branchMap":{"0":{"loc":{"start":{"line":24,"column":4},"end":{"line":26,"column":6}},"type":"cond-expr","locations":[{"start":{"line":24,"column":16},"end":{"line":24,"column":18}},{"start":{"line":24,"column":16},"end":{"line":26,"column":6}}]},"1":{"loc":{"start":{"line":24,"column":4},"end":{"line":24,"column":18}},"type":"binary-expr","locations":[{"start":{"line":24,"column":4},"end":{"line":24,"column":18}},{"start":{"line":24,"column":16},"end":{"line":24,"column":18}}]},"2":{"loc":{"start":{"line":27,"column":4},"end":{"line":29,"column":6}},"type":"cond-expr","locations":[{"start":{"line":27,"column":16},"end":{"line":27,"column":18}},{"start":{"line":27,"column":16},"end":{"line":29,"column":6}}]},"3":{"loc":{"start":{"line":27,"column":4},"end":{"line":27,"column":18}},"type":"binary-expr","locations":[{"start":{"line":27,"column":4},"end":{"line":27,"column":18}},{"start":{"line":27,"column":16},"end":{"line":27,"column":18}}]},"4":{"loc":{"start":{"line":30,"column":4},"end":{"line":32,"column":6}},"type":"cond-expr","locations":[{"start":{"line":30,"column":12},"end":{"line":30,"column":14}},{"start":{"line":30,"column":4},"end":{"line":32,"column":6}}]},"5":{"loc":{"start":{"line":30,"column":4},"end":{"line":30,"column":14}},"type":"binary-expr","locations":[{"start":{"line":30,"column":4},"end":{"line":30,"column":14}},{"start":{"line":30,"column":4},"end":{"line":30,"column":14}}]},"6":{"loc":{"start":{"line":33,"column":4},"end":{"line":35,"column":6}},"type":"cond-expr","locations":[{"start":{"line":33,"column":12},"end":{"line":33,"column":14}},{"start":{"line":33,"column":4},"end":{"line":35,"column":6}}]},"7":{"loc":{"start":{"line":33,"column":4},"end":{"line":33,"column":14}},"type":"binary-expr","locations":[{"start":{"line":33,"column":4},"end":{"line":33,"column":14}},{"start":{"line":33,"column":4},"end":{"line":33,"column":14}}]},"8":{"loc":{"start":{"line":36,"column":4},"end":{"line":38,"column":13}},"type":"cond-expr","locations":[{"start":{"line":36,"column":16},"end":{"line":36,"column":18}},{"start":{"line":36,"column":16},"end":{"line":38,"column":13}}]},"9":{"loc":{"start":{"line":36,"column":4},"end":{"line":36,"column":18}},"type":"binary-expr","locations":[{"start":{"line":36,"column":4},"end":{"line":36,"column":18}},{"start":{"line":36,"column":16},"end":{"line":36,"column":18}}]},"10":{"loc":{"start":{"line":39,"column":4},"end":{"line":41,"column":13}},"type":"cond-expr","locations":[{"start":{"line":39,"column":16},"end":{"line":39,"column":18}},{"start":{"line":39,"column":16},"end":{"line":41,"column":13}}]},"11":{"loc":{"start":{"line":39,"column":4},"end":{"line":39,"column":18}},"type":"binary-expr","locations":[{"start":{"line":39,"column":4},"end":{"line":39,"column":18}},{"start":{"line":39,"column":16},"end":{"line":39,"column":18}}]},"12":{"loc":{"start":{"line":42,"column":4},"end":{"line":44,"column":13}},"type":"cond-expr","locations":[{"start":{"line":42,"column":16},"end":{"line":42,"column":18}},{"start":{"line":42,"column":16},"end":{"line":44,"column":13}}]},"13":{"loc":{"start":{"line":42,"column":4},"end":{"line":42,"column":18}},"type":"binary-expr","locations":[{"start":{"line":42,"column":4},"end":{"line":42,"column":18}},{"start":{"line":42,"column":16},"end":{"line":42,"column":18}}]},"14":{"loc":{"start":{"line":45,"column":4},"end":{"line":47,"column":6}},"type":"cond-expr","locations":[{"start":{"line":45,"column":16},"end":{"line":45,"column":18}},{"start":{"line":45,"column":16},"end":{"line":47,"column":6}}]},"15":{"loc":{"start":{"line":45,"column":4},"end":{"line":45,"column":18}},"type":"binary-expr","locations":[{"start":{"line":45,"column":4},"end":{"line":45,"column":18}},{"start":{"line":45,"column":16},"end":{"line":45,"column":18}}]},"16":{"loc":{"start":{"line":48,"column":4},"end":{"line":50,"column":6}},"type":"cond-expr","locations":[{"start":{"line":48,"column":16},"end":{"line":48,"column":18}},{"start":{"line":48,"column":16},"end":{"line":50,"column":6}}]},"17":{"loc":{"start":{"line":48,"column":4},"end":{"line":48,"column":18}},"type":"binary-expr","locations":[{"start":{"line":48,"column":4},"end":{"line":48,"column":18}},{"start":{"line":48,"column":16},"end":{"line":48,"column":18}}]},"18":{"loc":{"start":{"line":51,"column":4},"end":{"line":53,"column":6}},"type":"cond-expr","locations":[{"start":{"line":51,"column":16},"end":{"line":51,"column":18}},{"start":{"line":51,"column":16},"end":{"line":53,"column":6}}]},"19":{"loc":{"start":{"line":51,"column":4},"end":{"line":51,"column":18}},"type":"binary-expr","locations":[{"start":{"line":51,"column":4},"end":{"line":51,"column":18}},{"start":{"line":51,"column":16},"end":{"line":51,"column":18}}]},"20":{"loc":{"start":{"line":57,"column":4},"end":{"line":57,"column":113}},"type":"if","locations":[{"start":{"line":57,"column":4},"end":{"line":57,"column":113}}]},"21":{"loc":{"start":{"line":57,"column":8},"end":{"line":57,"column":37}},"type":"binary-expr","locations":[{"start":{"line":57,"column":8},"end":{"line":57,"column":21}},{"start":{"line":57,"column":25},"end":{"line":57,"column":37}}]},"22":{"loc":{"start":{"line":57,"column":39},"end":{"line":57,"column":112}},"type":"cond-expr","locations":[{"start":{"line":57,"column":52},"end":{"line":57,"column":54}},{"start":{"line":57,"column":52},"end":{"line":57,"column":112}}]},"23":{"loc":{"start":{"line":57,"column":39},"end":{"line":57,"column":54}},"type":"binary-expr","locations":[{"start":{"line":57,"column":39},"end":{"line":57,"column":54}},{"start":{"line":57,"column":52},"end":{"line":57,"column":54}}]},"24":{"loc":{"start":{"line":57,"column":70},"end":{"line":57,"column":89}},"type":"cond-expr","locations":[{"start":{"line":57,"column":82},"end":{"line":57,"column":84}},{"start":{"line":57,"column":82},"end":{"line":57,"column":89}}]},"25":{"loc":{"start":{"line":57,"column":70},"end":{"line":57,"column":84}},"type":"binary-expr","locations":[{"start":{"line":57,"column":70},"end":{"line":57,"column":84}},{"start":{"line":57,"column":82},"end":{"line":57,"column":84}}]},"26":{"loc":{"start":{"line":57,"column":91},"end":{"line":57,"column":111}},"type":"cond-expr","locations":[{"start":{"line":57,"column":103},"end":{"line":57,"column":105}},{"start":{"line":57,"column":103},"end":{"line":57,"column":111}}]},"27":{"loc":{"start":{"line":57,"column":91},"end":{"line":57,"column":105}},"type":"binary-expr","locations":[{"start":{"line":57,"column":91},"end":{"line":57,"column":105}},{"start":{"line":57,"column":103},"end":{"line":57,"column":105}}]},"28":{"loc":{"start":{"line":65,"column":12},"end":{"line":65,"column":null}},"type":"if","locations":[{"start":{"line":65,"column":12},"end":{"line":65,"column":null}}]},"29":{"loc":{"start":{"line":84,"column":6},"end":{"line":88,"column":null}},"type":"if","locations":[{"start":{"line":84,"column":6},"end":{"line":88,"column":null}}]},"30":{"loc":{"start":{"line":98,"column":18},"end":{"line":98,"column":null}},"type":"if","locations":[{"start":{"line":98,"column":18},"end":{"line":98,"column":null}}]}},"s":{"0":1,"1":0,"2":0,"3":0,"4":0,"5":0,"6":0,"7":0,"8":0,"9":0,"10":0,"11":0,"12":0,"13":0,"14":1,"15":0,"16":0,"17":0,"18":0,"19":0,"20":0,"21":0,"22":0,"23":0,"24":0,"25":0,"26":0,"27":0,"28":0,"29":0,"30":0,"31":0,"32":0,"33":0,"34":0,"35":0,"36":1,"37":0,"38":0,"39":1,"40":0,"41":1,"42":0,"43":1,"44":0,"45":0,"46":0,"47":0,"48":0,"49":0,"50":1,"51":0,"52":0,"53":0,"54":0,"55":0,"56":0,"57":0,"58":0,"59":0,"60":0,"61":0,"62":0,"63":0,"64":0,"65":0,"66":1,"67":0,"68":0,"69":1,"70":0,"71":0,"72":1,"73":0,"74":1,"75":0,"76":1,"77":0,"78":1,"79":0,"80":1,"81":0,"82":1,"83":0,"84":1,"85":0,"86":1,"87":0,"88":1,"89":0,"90":1,"91":0,"92":1,"93":0,"94":1,"95":0,"96":1,"97":0,"98":1,"99":0,"100":1,"101":0,"102":0,"103":1,"104":0,"105":0,"106":1,"107":0,"108":1,"109":0,"110":1,"111":0,"112":1,"113":0,"114":1,"115":0,"116":1,"117":0,"118":1,"119":0,"120":1,"121":0,"122":1,"123":1},"f":{"0":1,"1":0,"2":0,"3":0,"4":0,"5":0,"6":0,"7":0,"8":0,"9":0,"10":0,"11":0,"12":0,"13":0,"14":0,"15":0,"16":0,"17":0,"18":0,"19":0,"20":0,"21":0,"22":0,"23":0,"24":0,"25":0,"26":0,"27":0,"28":0,"29":0,"30":0,"31":0,"32":0,"33":0,"34":0,"35":0,"36":0,"37":0,"38":0,"39":0,"40":0,"41":0,"42":0,"43":0,"44":0,"45":0,"46":0,"47":0},"b":{"0":[0,0],"1":[0,0],"2":[0,0],"3":[0,0],"4":[0,0],"5":[0,0],"6":[0,0],"7":[0,0],"8":[0,0],"9":[0,0],"10":[0,0],"11":[0,0],"12":[0,0],"13":[0,0],"14":[0,0],"15":[0,0],"16":[0,0],"17":[0,0],"18":[0,0],"19":[0,0],"20":[0],"21":[0,0],"22":[0,0],"23":[0,0],"24":[0,0],"25":[0,0],"26":[0,0],"27":[0,0],"28":[0],"29":[0],"30":[0]}}
,"/Users/addison.calles/Desktop/streetzero/src/health.class.ts": {"path":"/Users/addison.calles/Desktop/streetzero/src/health.class.ts","statementMap":{"0":{"start":{"line":1,"column":0},"end":{"line":1,"column":54}},"1":{"start":{"line":3,"column":0},"end":{"line":3,"column":13}},"2":{"start":{"line":6,"column":12},"end":{"line":6,"column":47}},"3":{"start":{"line":7,"column":12},"end":{"line":7,"column":45}},"4":{"start":{"line":10,"column":8},"end":{"line":10,"column":28}},"5":{"start":{"line":11,"column":8},"end":{"line":11,"column":29}},"6":{"start":{"line":14,"column":4},"end":{"line":16,"column":null}},"7":{"start":{"line":15,"column":8},"end":{"line":15,"column":35}},"8":{"start":{"line":18,"column":4},"end":{"line":26,"column":null}},"9":{"start":{"line":19,"column":23},"end":{"line":19,"column":44}},"10":{"start":{"line":20,"column":8},"end":{"line":25,"column":null}},"11":{"start":{"line":21,"column":12},"end":{"line":21,"column":29}},"12":{"start":{"line":22,"column":12},"end":{"line":22,"column":38}},"13":{"start":{"line":24,"column":12},"end":{"line":24,"column":34}},"14":{"start":{"line":28,"column":4},"end":{"line":28,"column":null}},"15":{"start":{"line":28,"column":20},"end":{"line":28,"column":40}},"16":{"start":{"line":29,"column":4},"end":{"line":29,"column":null}},"17":{"start":{"line":29,"column":18},"end":{"line":29,"column":37}},"18":{"start":{"line":30,"column":4},"end":{"line":30,"column":null}},"19":{"start":{"line":30,"column":24},"end":{"line":30,"column":49}},"20":{"start":{"line":31,"column":4},"end":{"line":31,"column":null}},"21":{"start":{"line":31,"column":22},"end":{"line":31,"column":45}},"22":{"start":{"line":32,"column":4},"end":{"line":32,"column":null}},"23":{"start":{"line":32,"column":19},"end":{"line":32,"column":44}},"24":{"start":{"line":33,"column":0},"end":{"line":33,"column":null}},"25":{"start":{"line":3,"column":13},"end":{"line":3,"column":19}}},"fnMap":{"0":{"name":"(anonymous_0)","decl":{"start":{"line":3,"column":0},"end":{"line":3,"column":13}},"loc":{"start":{"line":3,"column":0},"end":{"line":33,"column":null}}},"1":{"name":"Health","decl":{"start":{"line":9,"column":4},"end":{"line":9,"column":16}},"loc":{"start":{"line":9,"column":28},"end":{"line":12,"column":5}}},"2":{"name":"(anonymous_2)","decl":{"start":{"line":14,"column":4},"end":{"line":14,"column":9}},"loc":{"start":{"line":14,"column":4},"end":{"line":16,"column":5}}},"3":{"name":"(anonymous_3)","decl":{"start":{"line":18,"column":4},"end":{"line":18,"column":10}},"loc":{"start":{"line":18,"column":24},"end":{"line":26,"column":5}}},"4":{"name":"(anonymous_4)","decl":{"start":{"line":28,"column":4},"end":{"line":28,"column":8}},"loc":{"start":{"line":28,"column":4},"end":{"line":28,"column":42}}},"5":{"name":"(anonymous_5)","decl":{"start":{"line":29,"column":4},"end":{"line":29,"column":8}},"loc":{"start":{"line":29,"column":4},"end":{"line":29,"column":39}}},"6":{"name":"(anonymous_6)","decl":{"start":{"line":30,"column":4},"end":{"line":30,"column":8}},"loc":{"start":{"line":30,"column":4},"end":{"line":30,"column":51}}},"7":{"name":"(anonymous_7)","decl":{"start":{"line":31,"column":4},"end":{"line":31,"column":8}},"loc":{"start":{"line":31,"column":4},"end":{"line":31,"column":47}}},"8":{"name":"(anonymous_8)","decl":{"start":{"line":32,"column":4},"end":{"line":32,"column":8}},"loc":{"start":{"line":32,"column":4},"end":{"line":32,"column":46}}}},"branchMap":{"0":{"loc":{"start":{"line":20,"column":8},"end":{"line":25,"column":null}},"type":"if","locations":[{"start":{"line":20,"column":8},"end":{"line":25,"column":null}},{"start":{"line":23,"column":15},"end":{"line":25,"column":null}}]}},"s":{"0":1,"1":1,"2":0,"3":0,"4":0,"5":0,"6":1,"7":0,"8":1,"9":0,"10":0,"11":0,"12":0,"13":0,"14":1,"15":0,"16":1,"17":0,"18":1,"19":0,"20":1,"21":0,"22":1,"23":0,"24":1,"25":1},"f":{"0":1,"1":0,"2":0,"3":0,"4":0,"5":0,"6":0,"7":0,"8":0},"b":{"0":[0,0]}}
,"/Users/addison.calles/Desktop/streetzero/src/index.ts": {"path":"/Users/addison.calles/Desktop/streetzero/src/index.ts","statementMap":{"0":{"start":{"line":2,"column":0},"end":{"line":2,"column":9}},"1":{"start":{"line":2,"column":9},"end":{"line":2,"column":44}},"2":{"start":{"line":3,"column":0},"end":{"line":3,"column":9}},"3":{"start":{"line":3,"column":9},"end":{"line":3,"column":54}},"4":{"start":{"line":4,"column":0},"end":{"line":4,"column":39}},"5":{"start":{"line":5,"column":0},"end":{"line":5,"column":41}},"6":{"start":{"line":6,"column":0},"end":{"line":6,"column":9}},"7":{"start":{"line":6,"column":9},"end":{"line":6,"column":36}},"8":{"start":{"line":7,"column":0},"end":{"line":7,"column":9}},"9":{"start":{"line":7,"column":9},"end":{"line":7,"column":40}},"10":{"start":{"line":8,"column":0},"end":{"line":8,"column":10}},"11":{"start":{"line":8,"column":10},"end":{"line":8,"column":21}},"12":{"start":{"line":8,"column":21},"end":{"line":8,"column":58}},"13":{"start":{"line":9,"column":0},"end":{"line":9,"column":9}},"14":{"start":{"line":9,"column":9},"end":{"line":9,"column":45}},"15":{"start":{"line":10,"column":0},"end":{"line":10,"column":9}},"16":{"start":{"line":10,"column":9},"end":{"line":10,"column":38}},"17":{"start":{"line":11,"column":0},"end":{"line":11,"column":9}},"18":{"start":{"line":11,"column":9},"end":{"line":11,"column":40}}},"fnMap":{"0":{"name":"(anonymous_0)","decl":{"start":{"line":2,"column":9},"end":{"line":2,"column":17}},"loc":{"start":{"line":2,"column":9},"end":{"line":2,"column":44}}},"1":{"name":"(anonymous_1)","decl":{"start":{"line":3,"column":9},"end":{"line":3,"column":22}},"loc":{"start":{"line":3,"column":9},"end":{"line":3,"column":54}}},"2":{"name":"(anonymous_2)","decl":{"start":{"line":6,"column":9},"end":{"line":6,"column":13}},"loc":{"start":{"line":6,"column":9},"end":{"line":6,"column":36}}},"3":{"name":"(anonymous_3)","decl":{"start":{"line":7,"column":9},"end":{"line":7,"column":15}},"loc":{"start":{"line":7,"column":9},"end":{"line":7,"column":40}}},"4":{"name":"(anonymous_4)","decl":{"start":{"line":8,"column":10},"end":{"line":8,"column":19}},"loc":{"start":{"line":8,"column":10},"end":{"line":8,"column":21}}},"5":{"name":"(anonymous_5)","decl":{"start":{"line":8,"column":21},"end":{"line":8,"column":31}},"loc":{"start":{"line":8,"column":21},"end":{"line":8,"column":58}}},"6":{"name":"(anonymous_6)","decl":{"start":{"line":9,"column":9},"end":{"line":9,"column":18}},"loc":{"start":{"line":9,"column":9},"end":{"line":9,"column":45}}},"7":{"name":"(anonymous_7)","decl":{"start":{"line":10,"column":9},"end":{"line":10,"column":14}},"loc":{"start":{"line":10,"column":9},"end":{"line":10,"column":38}}},"8":{"name":"(anonymous_8)","decl":{"start":{"line":11,"column":9},"end":{"line":11,"column":15}},"loc":{"start":{"line":11,"column":9},"end":{"line":11,"column":40}}}},"branchMap":{},"s":{"0":1,"1":2,"2":1,"3":2,"4":1,"5":1,"6":1,"7":2,"8":1,"9":2,"10":1,"11":2,"12":2,"13":1,"14":2,"15":1,"16":2,"17":1,"18":2},"f":{"0":1,"1":1,"2":1,"3":1,"4":1,"5":1,"6":1,"7":1,"8":1},"b":{}}
,"/Users/addison.calles/Desktop/streetzero/src/kinematic.class.ts": {"path":"/Users/addison.calles/Desktop/streetzero/src/kinematic.class.ts","statementMap":{"0":{"start":{"line":2,"column":0},"end":{"line":2,"column":40}},"1":{"start":{"line":3,"column":0},"end":{"line":3,"column":44}},"2":{"start":{"line":4,"column":0},"end":{"line":4,"column":40}},"3":{"start":{"line":5,"column":0},"end":{"line":5,"column":null}},"4":{"start":{"line":6,"column":4},"end":{"line":6,"column":null}},"5":{"start":{"line":7,"column":4},"end":{"line":7,"column":null}},"6":{"start":{"line":8,"column":4},"end":{"line":8,"column":null}},"7":{"start":{"line":9,"column":4},"end":{"line":9,"column":null}},"8":{"start":{"line":11,"column":0},"end":{"line":11,"column":null}},"9":{"start":{"line":11,"column":31},"end":{"line":11,"column":39}},"10":{"start":{"line":18,"column":51},"end":{"line":18,"column":70}},"11":{"start":{"line":18,"column":70},"end":{"line":18,"column":null}},"12":{"start":{"line":19,"column":8},"end":{"line":19,"column":null}},"13":{"start":{"line":12,"column":12},"end":{"line":12,"column":29}},"14":{"start":{"line":14,"column":12},"end":{"line":14,"column":39}},"15":{"start":{"line":15,"column":12},"end":{"line":15,"column":42}},"16":{"start":{"line":16,"column":12},"end":{"line":16,"column":27}},"17":{"start":{"line":17,"column":12},"end":{"line":17,"column":34}},"18":{"start":{"line":20,"column":8},"end":{"line":20,"column":34}},"19":{"start":{"line":21,"column":8},"end":{"line":21,"column":37}},"20":{"start":{"line":23,"column":4},"end":{"line":31,"column":null}},"21":{"start":{"line":24,"column":8},"end":{"line":29,"column":null}},"22":{"start":{"line":25,"column":12},"end":{"line":25,"column":46}},"23":{"start":{"line":26,"column":12},"end":{"line":26,"column":45}},"24":{"start":{"line":27,"column":12},"end":{"line":27,"column":168}},"25":{"start":{"line":28,"column":12},"end":{"line":28,"column":32}},"26":{"start":{"line":30,"column":8},"end":{"line":30,"column":23}},"27":{"start":{"line":32,"column":4},"end":{"line":47,"column":null}},"28":{"start":{"line":33,"column":20},"end":{"line":33,"column":35}},"29":{"start":{"line":34,"column":40},"end":{"line":34,"column":42}},"30":{"start":{"line":35,"column":8},"end":{"line":39,"column":null}},"31":{"start":{"line":36,"column":12},"end":{"line":36,"column":44}},"32":{"start":{"line":37,"column":15},"end":{"line":39,"column":null}},"33":{"start":{"line":38,"column":12},"end":{"line":38,"column":45}},"34":{"start":{"line":40,"column":8},"end":{"line":44,"column":null}},"35":{"start":{"line":41,"column":12},"end":{"line":41,"column":43}},"36":{"start":{"line":42,"column":15},"end":{"line":44,"column":null}},"37":{"start":{"line":43,"column":12},"end":{"line":43,"column":46}},"38":{"start":{"line":45,"column":8},"end":{"line":45,"column":48}},"39":{"start":{"line":45,"column":35},"end":{"line":45,"column":48}},"40":{"start":{"line":46,"column":8},"end":{"line":46,"column":25}},"41":{"start":{"line":49,"column":4},"end":{"line":51,"column":null}},"42":{"start":{"line":50,"column":8},"end":{"line":50,"column":53}},"43":{"start":{"line":53,"column":4},"end":{"line":57,"column":null}},"44":{"start":{"line":54,"column":8},"end":{"line":54,"column":30}},"45":{"start":{"line":55,"column":8},"end":{"line":55,"column":35}},"46":{"start":{"line":56,"column":8},"end":{"line":56,"column":57}},"47":{"start":{"line":59,"column":4},"end":{"line":65,"column":null}},"48":{"start":{"line":61,"column":8},"end":{"line":64,"column":null}},"49":{"start":{"line":62,"column":27},"end":{"line":62,"column":88}},"50":{"start":{"line":63,"column":12},"end":{"line":63,"column":60}},"51":{"start":{"line":67,"column":4},"end":{"line":67,"column":null}},"52":{"start":{"line":67,"column":18},"end":{"line":67,"column":39}},"53":{"start":{"line":68,"column":4},"end":{"line":68,"column":null}},"54":{"start":{"line":68,"column":16},"end":{"line":68,"column":37}},"55":{"start":{"line":69,"column":4},"end":{"line":69,"column":null}},"56":{"start":{"line":69,"column":19},"end":{"line":69,"column":39}},"57":{"start":{"line":70,"column":4},"end":{"line":70,"column":null}},"58":{"start":{"line":70,"column":20},"end":{"line":70,"column":41}},"59":{"start":{"line":71,"column":25},"end":{"line":71,"column":47}},"60":{"start":{"line":72,"column":4},"end":{"line":72,"column":null}},"61":{"start":{"line":72,"column":27},"end":{"line":72,"column":54}},"62":{"start":{"line":74,"column":8},"end":{"line":74,"column":36}},"63":{"start":{"line":76,"column":4},"end":{"line":76,"column":null}},"64":{"start":{"line":76,"column":17},"end":{"line":76,"column":35}},"65":{"start":{"line":77,"column":4},"end":{"line":77,"column":null}},"66":{"start":{"line":78,"column":34},"end":{"line":78,"column":69}},"67":{"start":{"line":77,"column":39},"end":{"line":77,"column":75}},"68":{"start":{"line":79,"column":0},"end":{"line":79,"column":null}},"69":{"start":{"line":11,"column":13},"end":{"line":11,"column":22}}},"fnMap":{"0":{"name":"(anonymous_0)","decl":{"start":{"line":5,"column":0},"end":{"line":5,"column":12}},"loc":{"start":{"line":5,"column":22},"end":{"line":10,"column":1}}},"1":{"name":"(anonymous_1)","decl":{"start":{"line":11,"column":0},"end":{"line":11,"column":13}},"loc":{"start":{"line":11,"column":0},"end":{"line":79,"column":null}}},"2":{"name":"Kinematic","decl":{"start":{"line":18,"column":4},"end":{"line":18,"column":16}},"loc":{"start":{"line":18,"column":88},"end":{"line":22,"column":5}}},"3":{"name":"(anonymous_3)","decl":{"start":{"line":23,"column":4},"end":{"line":23,"column":10}},"loc":{"start":{"line":23,"column":4},"end":{"line":31,"column":5}}},"4":{"name":"(anonymous_4)","decl":{"start":{"line":32,"column":4},"end":{"line":32,"column":16}},"loc":{"start":{"line":32,"column":4},"end":{"line":47,"column":5}}},"5":{"name":"(anonymous_5)","decl":{"start":{"line":49,"column":4},"end":{"line":49,"column":15}},"loc":{"start":{"line":49,"column":29},"end":{"line":51,"column":5}}},"6":{"name":"(anonymous_6)","decl":{"start":{"line":53,"column":4},"end":{"line":53,"column":8}},"loc":{"start":{"line":53,"column":4},"end":{"line":57,"column":5}}},"7":{"name":"(anonymous_7)","decl":{"start":{"line":59,"column":4},"end":{"line":59,"column":18}},"loc":{"start":{"line":59,"column":4},"end":{"line":65,"column":5}}},"8":{"name":"(anonymous_8)","decl":{"start":{"line":67,"column":4},"end":{"line":67,"column":13}},"loc":{"start":{"line":67,"column":4},"end":{"line":67,"column":41}}},"9":{"name":"(anonymous_9)","decl":{"start":{"line":68,"column":4},"end":{"line":68,"column":11}},"loc":{"start":{"line":68,"column":4},"end":{"line":68,"column":39}}},"10":{"name":"(anonymous_10)","decl":{"start":{"line":69,"column":4},"end":{"line":69,"column":8}},"loc":{"start":{"line":69,"column":4},"end":{"line":69,"column":41}}},"11":{"name":"(anonymous_11)","decl":{"start":{"line":70,"column":4},"end":{"line":70,"column":8}},"loc":{"start":{"line":70,"column":4},"end":{"line":70,"column":43}}},"12":{"name":"(anonymous_12)","decl":{"start":{"line":71,"column":4},"end":{"line":71,"column":16}},"loc":{"start":{"line":71,"column":21},"end":{"line":71,"column":49}}},"13":{"name":"(anonymous_13)","decl":{"start":{"line":72,"column":4},"end":{"line":72,"column":8}},"loc":{"start":{"line":72,"column":4},"end":{"line":72,"column":56}}},"14":{"name":"(anonymous_14)","decl":{"start":{"line":73,"column":4},"end":{"line":73,"column":23}},"loc":{"start":{"line":73,"column":37},"end":{"line":75,"column":5}}},"15":{"name":"(anonymous_15)","decl":{"start":{"line":76,"column":4},"end":{"line":76,"column":8}},"loc":{"start":{"line":76,"column":4},"end":{"line":76,"column":37}}},"16":{"name":"(anonymous_16)","decl":{"start":{"line":78,"column":4},"end":{"line":78,"column":34}},"loc":{"start":{"line":78,"column":4},"end":{"line":78,"column":71}}},"17":{"name":"(anonymous_17)","decl":{"start":{"line":77,"column":4},"end":{"line":77,"column":8}},"loc":{"start":{"line":77,"column":35},"end":{"line":77,"column":77}}}},"branchMap":{"0":{"loc":{"start":{"line":5,"column":12},"end":{"line":5,"column":null}},"type":"binary-expr","locations":[{"start":{"line":5,"column":12},"end":{"line":5,"column":22}},{"start":{"line":5,"column":12},"end":{"line":5,"column":null}}]},"1":{"loc":{"start":{"line":18,"column":51},"end":{"line":18,"column":70}},"type":"if","locations":[{"start":{"line":18,"column":51},"end":{"line":18,"column":70}}]},"2":{"loc":{"start":{"line":18,"column":70},"end":{"line":18,"column":null}},"type":"if","locations":[{"start":{"line":18,"column":70},"end":{"line":18,"column":null}}]},"3":{"loc":{"start":{"line":19,"column":8},"end":{"line":19,"column":null}},"type":"binary-expr","locations":[{"start":{"line":19,"column":8},"end":{"line":19,"column":42}},{"start":{"line":19,"column":42},"end":{"line":19,"column":null}}]},"4":{"loc":{"start":{"line":24,"column":8},"end":{"line":29,"column":null}},"type":"if","locations":[{"start":{"line":24,"column":8},"end":{"line":29,"column":null}}]},"5":{"loc":{"start":{"line":35,"column":8},"end":{"line":39,"column":null}},"type":"if","locations":[{"start":{"line":35,"column":8},"end":{"line":39,"column":null}},{"start":{"line":37,"column":15},"end":{"line":39,"column":null}}]},"6":{"loc":{"start":{"line":35,"column":12},"end":{"line":35,"column":38}},"type":"binary-expr","locations":[{"start":{"line":35,"column":13},"end":{"line":35,"column":24}},{"start":{"line":35,"column":29},"end":{"line":35,"column":38}}]},"7":{"loc":{"start":{"line":37,"column":15},"end":{"line":39,"column":null}},"type":"if","locations":[{"start":{"line":37,"column":15},"end":{"line":39,"column":null}}]},"8":{"loc":{"start":{"line":37,"column":19},"end":{"line":37,"column":60}},"type":"binary-expr","locations":[{"start":{"line":37,"column":19},"end":{"line":37,"column":47}},{"start":{"line":37,"column":51},"end":{"line":37,"column":60}}]},"9":{"loc":{"start":{"line":40,"column":8},"end":{"line":44,"column":null}},"type":"if","locations":[{"start":{"line":40,"column":8},"end":{"line":44,"column":null}},{"start":{"line":42,"column":15},"end":{"line":44,"column":null}}]},"10":{"loc":{"start":{"line":40,"column":12},"end":{"line":40,"column":40}},"type":"binary-expr","locations":[{"start":{"line":40,"column":13},"end":{"line":40,"column":24}},{"start":{"line":40,"column":30},"end":{"line":40,"column":39}}]},"11":{"loc":{"start":{"line":42,"column":15},"end":{"line":44,"column":null}},"type":"if","locations":[{"start":{"line":42,"column":15},"end":{"line":44,"column":null}}]},"12":{"loc":{"start":{"line":42,"column":19},"end":{"line":42,"column":89}},"type":"binary-expr","locations":[{"start":{"line":42,"column":19},"end":{"line":42,"column":50}},{"start":{"line":42,"column":55},"end":{"line":42,"column":64}},{"start":{"line":42,"column":68},"end":{"line":42,"column":88}}]},"13":{"loc":{"start":{"line":45,"column":8},"end":{"line":45,"column":48}},"type":"if","locations":[{"start":{"line":45,"column":8},"end":{"line":45,"column":48}}]},"14":{"loc":{"start":{"line":61,"column":8},"end":{"line":64,"column":null}},"type":"if","locations":[{"start":{"line":61,"column":8},"end":{"line":64,"column":null}}]},"15":{"loc":{"start":{"line":61,"column":12},"end":{"line":61,"column":68}},"type":"binary-expr","locations":[{"start":{"line":61,"column":12},"end":{"line":61,"column":31}},{"start":{"line":61,"column":35},"end":{"line":61,"column":68}}]}},"s":{"0":1,"1":1,"2":1,"3":1,"4":1,"5":1,"6":1,"7":1,"8":1,"9":1,"10":0,"11":0,"12":0,"13":0,"14":0,"15":0,"16":0,"17":0,"18":0,"19":0,"20":1,"21":0,"22":0,"23":0,"24":0,"25":0,"26":0,"27":1,"28":0,"29":0,"30":0,"31":0,"32":0,"33":0,"34":0,"35":0,"36":0,"37":0,"38":0,"39":0,"40":0,"41":1,"42":0,"43":1,"44":0,"45":0,"46":0,"47":1,"48":0,"49":0,"50":0,"51":1,"52":0,"53":1,"54":0,"55":1,"56":0,"57":1,"58":0,"59":0,"60":1,"61":0,"62":0,"63":1,"64":0,"65":1,"66":0,"67":0,"68":1,"69":1},"f":{"0":1,"1":1,"2":0,"3":0,"4":0,"5":0,"6":0,"7":0,"8":0,"9":0,"10":0,"11":0,"12":0,"13":0,"14":0,"15":0,"16":0,"17":0},"b":{"0":[1,1],"1":[0],"2":[0],"3":[0,0],"4":[0],"5":[0,0],"6":[0,0],"7":[0],"8":[0,0],"9":[0,0],"10":[0,0],"11":[0],"12":[0,0,0],"13":[0],"14":[0],"15":[0,0]}}
,"/Users/addison.calles/Desktop/streetzero/src/layerPath.class.ts": {"path":"/Users/addison.calles/Desktop/streetzero/src/layerPath.class.ts","statementMap":{"0":{"start":{"line":3,"column":0},"end":{"line":3,"column":13}},"1":{"start":{"line":8,"column":12},"end":{"line":8,"column":26}},"2":{"start":{"line":11,"column":8},"end":{"line":11,"column":28}},"3":{"start":{"line":12,"column":8},"end":{"line":12,"column":26}},"4":{"start":{"line":13,"column":8},"end":{"line":13,"column":34}},"5":{"start":{"line":14,"column":8},"end":{"line":14,"column":32}},"6":{"start":{"line":17,"column":4},"end":{"line":22,"column":null}},"7":{"start":{"line":18,"column":27},"end":{"line":18,"column":39}},"8":{"start":{"line":19,"column":8},"end":{"line":19,"column":221}},"9":{"start":{"line":20,"column":8},"end":{"line":20,"column":34}},"10":{"start":{"line":21,"column":8},"end":{"line":21,"column":106}},"11":{"start":{"line":24,"column":4},"end":{"line":29,"column":null}},"12":{"start":{"line":25,"column":25},"end":{"line":25,"column":134}},"13":{"start":{"line":26,"column":8},"end":{"line":26,"column":30}},"14":{"start":{"line":27,"column":8},"end":{"line":27,"column":53}},"15":{"start":{"line":28,"column":8},"end":{"line":28,"column":47}},"16":{"start":{"line":31,"column":4},"end":{"line":31,"column":null}},"17":{"start":{"line":31,"column":21},"end":{"line":31,"column":43}},"18":{"start":{"line":32,"column":26},"end":{"line":32,"column":49}},"19":{"start":{"line":33,"column":4},"end":{"line":33,"column":null}},"20":{"start":{"line":33,"column":18},"end":{"line":33,"column":37}},"21":{"start":{"line":34,"column":4},"end":{"line":34,"column":null}},"22":{"start":{"line":34,"column":17},"end":{"line":34,"column":35}},"23":{"start":{"line":36,"column":0},"end":{"line":36,"column":null}},"24":{"start":{"line":3,"column":13},"end":{"line":3,"column":22}}},"fnMap":{"0":{"name":"(anonymous_0)","decl":{"start":{"line":3,"column":0},"end":{"line":3,"column":13}},"loc":{"start":{"line":3,"column":0},"end":{"line":36,"column":null}}},"1":{"name":"LayerPath","decl":{"start":{"line":10,"column":4},"end":{"line":10,"column":16}},"loc":{"start":{"line":10,"column":63},"end":{"line":15,"column":5}}},"2":{"name":"(anonymous_2)","decl":{"start":{"line":17,"column":4},"end":{"line":17,"column":10}},"loc":{"start":{"line":17,"column":28},"end":{"line":22,"column":5}}},"3":{"name":"(anonymous_3)","decl":{"start":{"line":24,"column":4},"end":{"line":24,"column":10}},"loc":{"start":{"line":24,"column":4},"end":{"line":29,"column":5}}},"4":{"name":"(anonymous_4)","decl":{"start":{"line":31,"column":4},"end":{"line":31,"column":8}},"loc":{"start":{"line":31,"column":4},"end":{"line":31,"column":45}}},"5":{"name":"(anonymous_5)","decl":{"start":{"line":32,"column":4},"end":{"line":32,"column":17}},"loc":{"start":{"line":32,"column":22},"end":{"line":32,"column":50}}},"6":{"name":"(anonymous_6)","decl":{"start":{"line":33,"column":4},"end":{"line":33,"column":8}},"loc":{"start":{"line":33,"column":4},"end":{"line":33,"column":39}}},"7":{"name":"(anonymous_7)","decl":{"start":{"line":34,"column":4},"end":{"line":34,"column":8}},"loc":{"start":{"line":34,"column":4},"end":{"line":34,"column":37}}}},"branchMap":{"0":{"loc":{"start":{"line":25,"column":67},"end":{"line":25,"column":133}},"type":"cond-expr","locations":[{"start":{"line":25,"column":105},"end":{"line":25,"column":129}},{"start":{"line":25,"column":132},"end":{"line":25,"column":133}}]}},"s":{"0":1,"1":0,"2":0,"3":0,"4":0,"5":0,"6":1,"7":0,"8":0,"9":0,"10":0,"11":1,"12":0,"13":0,"14":0,"15":0,"16":1,"17":0,"18":0,"19":1,"20":0,"21":1,"22":0,"23":1,"24":1},"f":{"0":1,"1":0,"2":0,"3":0,"4":0,"5":0,"6":0,"7":0},"b":{"0":[0,0]}}
,"/Users/addison.calles/Desktop/streetzero/src/point.class.ts": {"path":"/Users/addison.calles/Desktop/streetzero/src/point.class.ts","statementMap":{"0":{"start":{"line":1,"column":0},"end":{"line":1,"column":13}},"1":{"start":{"line":4,"column":16},"end":{"line":4,"column":31}},"2":{"start":{"line":4,"column":31},"end":{"line":4,"column":null}},"3":{"start":{"line":5,"column":8},"end":{"line":5,"column":19}},"4":{"start":{"line":6,"column":8},"end":{"line":6,"column":19}},"5":{"start":{"line":8,"column":0},"end":{"line":8,"column":null}},"6":{"start":{"line":1,"column":13},"end":{"line":1,"column":18}}},"fnMap":{"0":{"name":"(anonymous_0)","decl":{"start":{"line":1,"column":0},"end":{"line":1,"column":13}},"loc":{"start":{"line":1,"column":0},"end":{"line":8,"column":null}}},"1":{"name":"Point","decl":{"start":{"line":4,"column":4},"end":{"line":4,"column":16}},"loc":{"start":{"line":4,"column":44},"end":{"line":7,"column":5}}}},"branchMap":{"0":{"loc":{"start":{"line":4,"column":16},"end":{"line":4,"column":31}},"type":"if","locations":[{"start":{"line":4,"column":16},"end":{"line":4,"column":31}}]},"1":{"loc":{"start":{"line":4,"column":31},"end":{"line":4,"column":null}},"type":"if","locations":[{"start":{"line":4,"column":31},"end":{"line":4,"column":null}}]}},"s":{"0":1,"1":0,"2":0,"3":0,"4":0,"5":1,"6":1},"f":{"0":1,"1":0},"b":{"0":[0],"1":[0]}}
,"/Users/addison.calles/Desktop/streetzero/src/vector.class.ts": {"path":"/Users/addison.calles/Desktop/streetzero/src/vector.class.ts","statementMap":{"0":{"start":{"line":1,"column":0},"end":{"line":1,"column":82}},"1":{"start":{"line":4,"column":0},"end":{"line":4,"column":13}},"2":{"start":{"line":5,"column":12},"end":{"line":5,"column":21}},"3":{"start":{"line":6,"column":12},"end":{"line":6,"column":21}},"4":{"start":{"line":7,"column":12},"end":{"line":7,"column":22}},"5":{"start":{"line":8,"column":12},"end":{"line":8,"column":22}},"6":{"start":{"line":10,"column":12},"end":{"line":10,"column":48}},"7":{"start":{"line":11,"column":12},"end":{"line":11,"column":32}},"8":{"start":{"line":12,"column":12},"end":{"line":12,"column":31}},"9":{"start":{"line":15,"column":8},"end":{"line":15,"column":32}},"10":{"start":{"line":17,"column":4},"end":{"line":19,"column":null}},"11":{"start":{"line":18,"column":8},"end":{"line":18,"column":44}},"12":{"start":{"line":20,"column":4},"end":{"line":22,"column":null}},"13":{"start":{"line":21,"column":8},"end":{"line":21,"column":40}},"14":{"start":{"line":23,"column":4},"end":{"line":27,"column":null}},"15":{"start":{"line":24,"column":20},"end":{"line":24,"column":38}},"16":{"start":{"line":25,"column":8},"end":{"line":25,"column":30}},"17":{"start":{"line":26,"column":8},"end":{"line":26,"column":45}},"18":{"start":{"line":28,"column":4},"end":{"line":31,"column":null}},"19":{"start":{"line":29,"column":37},"end":{"line":29,"column":79}},"20":{"start":{"line":30,"column":8},"end":{"line":30,"column":42}},"21":{"start":{"line":32,"column":4},"end":{"line":38,"column":null}},"22":{"start":{"line":33,"column":8},"end":{"line":33,"column":35}},"23":{"start":{"line":34,"column":8},"end":{"line":34,"column":25}},"24":{"start":{"line":35,"column":27},"end":{"line":35,"column":65}},"25":{"start":{"line":36,"column":8},"end":{"line":36,"column":34}},"26":{"start":{"line":37,"column":8},"end":{"line":37,"column":34}},"27":{"start":{"line":39,"column":4},"end":{"line":42,"column":null}},"28":{"start":{"line":40,"column":8},"end":{"line":40,"column":76}},"29":{"start":{"line":41,"column":8},"end":{"line":41,"column":20}},"30":{"start":{"line":44,"column":4},"end":{"line":49,"column":null}},"31":{"start":{"line":44,"column":32},"end":{"line":44,"column":null}},"32":{"start":{"line":45,"column":33},"end":{"line":45,"column":71}},"33":{"start":{"line":46,"column":8},"end":{"line":46,"column":51}},"34":{"start":{"line":47,"column":8},"end":{"line":47,"column":42}},"35":{"start":{"line":48,"column":8},"end":{"line":48,"column":34}},"36":{"start":{"line":51,"column":4},"end":{"line":55,"column":null}},"37":{"start":{"line":51,"column":38},"end":{"line":51,"column":null}},"38":{"start":{"line":52,"column":8},"end":{"line":52,"column":49}},"39":{"start":{"line":53,"column":8},"end":{"line":53,"column":42}},"40":{"start":{"line":54,"column":8},"end":{"line":54,"column":34}},"41":{"start":{"line":57,"column":4},"end":{"line":62,"column":null}},"42":{"start":{"line":57,"column":42},"end":{"line":57,"column":null}},"43":{"start":{"line":58,"column":33},"end":{"line":58,"column":45}},"44":{"start":{"line":59,"column":8},"end":{"line":59,"column":51}},"45":{"start":{"line":60,"column":8},"end":{"line":60,"column":42}},"46":{"start":{"line":61,"column":8},"end":{"line":61,"column":34}},"47":{"start":{"line":63,"column":4},"end":{"line":70,"column":null}},"48":{"start":{"line":64,"column":8},"end":{"line":64,"column":38}},"49":{"start":{"line":64,"column":31},"end":{"line":64,"column":38}},"50":{"start":{"line":65,"column":43},"end":{"line":65,"column":66}},"51":{"start":{"line":65,"column":26},"end":{"line":65,"column":31}},"52":{"start":{"line":65,"column":38},"end":{"line":65,"column":43}},"53":{"start":{"line":66,"column":22},"end":{"line":66,"column":82}},"54":{"start":{"line":67,"column":22},"end":{"line":67,"column":82}},"55":{"start":{"line":68,"column":8},"end":{"line":68,"column":65}},"56":{"start":{"line":69,"column":8},"end":{"line":69,"column":36}},"57":{"start":{"line":71,"column":4},"end":{"line":84,"column":null}},"58":{"start":{"line":72,"column":20},"end":{"line":72,"column":25}},"59":{"start":{"line":73,"column":25},"end":{"line":73,"column":50}},"60":{"start":{"line":74,"column":8},"end":{"line":82,"column":null}},"61":{"start":{"line":75,"column":12},"end":{"line":81,"column":null}},"62":{"start":{"line":76,"column":16},"end":{"line":76,"column":41}},"63":{"start":{"line":77,"column":16},"end":{"line":77,"column":49}},"64":{"start":{"line":77,"column":35},"end":{"line":77,"column":49}},"65":{"start":{"line":78,"column":19},"end":{"line":81,"column":null}},"66":{"start":{"line":79,"column":16},"end":{"line":79,"column":42}},"67":{"start":{"line":80,"column":16},"end":{"line":80,"column":49}},"68":{"start":{"line":80,"column":35},"end":{"line":80,"column":49}},"69":{"start":{"line":83,"column":8},"end":{"line":83,"column":21}},"70":{"start":{"line":85,"column":4},"end":{"line":91,"column":null}},"71":{"start":{"line":86,"column":8},"end":{"line":86,"column":26}},"72":{"start":{"line":87,"column":8},"end":{"line":87,"column":26}},"73":{"start":{"line":88,"column":23},"end":{"line":88,"column":45}},"74":{"start":{"line":89,"column":8},"end":{"line":89,"column":31}},"75":{"start":{"line":90,"column":8},"end":{"line":90,"column":31}},"76":{"start":{"line":92,"column":4},"end":{"line":92,"column":null}},"77":{"start":{"line":92,"column":16},"end":{"line":92,"column":72}},"78":{"start":{"line":93,"column":4},"end":{"line":93,"column":null}},"79":{"start":{"line":93,"column":16},"end":{"line":93,"column":33}},"80":{"start":{"line":95,"column":0},"end":{"line":95,"column":null}},"81":{"start":{"line":4,"column":13},"end":{"line":4,"column":19}}},"fnMap":{"0":{"name":"(anonymous_0)","decl":{"start":{"line":4,"column":0},"end":{"line":4,"column":13}},"loc":{"start":{"line":4,"column":0},"end":{"line":95,"column":null}}},"1":{"name":"Vector","decl":{"start":{"line":14,"column":4},"end":{"line":14,"column":16}},"loc":{"start":{"line":14,"column":34},"end":{"line":16,"column":5}}},"2":{"name":"(anonymous_2)","decl":{"start":{"line":17,"column":4},"end":{"line":17,"column":10}},"loc":{"start":{"line":17,"column":27},"end":{"line":19,"column":5}}},"3":{"name":"(anonymous_3)","decl":{"start":{"line":20,"column":4},"end":{"line":20,"column":10}},"loc":{"start":{"line":20,"column":23},"end":{"line":22,"column":5}}},"4":{"name":"(anonymous_4)","decl":{"start":{"line":23,"column":4},"end":{"line":23,"column":10}},"loc":{"start":{"line":23,"column":25},"end":{"line":27,"column":5}}},"5":{"name":"(anonymous_5)","decl":{"start":{"line":28,"column":4},"end":{"line":28,"column":12}},"loc":{"start":{"line":28,"column":31},"end":{"line":31,"column":5}}},"6":{"name":"(anonymous_6)","decl":{"start":{"line":32,"column":4},"end":{"line":32,"column":13}},"loc":{"start":{"line":32,"column":40},"end":{"line":38,"column":5}}},"7":{"name":"(anonymous_7)","decl":{"start":{"line":39,"column":4},"end":{"line":39,"column":7}},"loc":{"start":{"line":39,"column":22},"end":{"line":42,"column":5}}},"8":{"name":"(anonymous_8)","decl":{"start":{"line":44,"column":4},"end":{"line":44,"column":11}},"loc":{"start":{"line":44,"column":47},"end":{"line":49,"column":5}}},"9":{"name":"(anonymous_9)","decl":{"start":{"line":51,"column":4},"end":{"line":51,"column":13}},"loc":{"start":{"line":51,"column":53},"end":{"line":55,"column":5}}},"10":{"name":"(anonymous_10)","decl":{"start":{"line":57,"column":4},"end":{"line":57,"column":17}},"loc":{"start":{"line":57,"column":57},"end":{"line":62,"column":5}}},"11":{"name":"(anonymous_11)","decl":{"start":{"line":63,"column":4},"end":{"line":63,"column":16}},"loc":{"start":{"line":63,"column":4},"end":{"line":70,"column":5}}},"12":{"name":"(anonymous_12)","decl":{"start":{"line":71,"column":4},"end":{"line":71,"column":17}},"loc":{"start":{"line":71,"column":64},"end":{"line":84,"column":5}}},"13":{"name":"(anonymous_13)","decl":{"start":{"line":85,"column":4},"end":{"line":85,"column":12}},"loc":{"start":{"line":85,"column":39},"end":{"line":91,"column":5}}},"14":{"name":"(anonymous_14)","decl":{"start":{"line":92,"column":4},"end":{"line":92,"column":8}},"loc":{"start":{"line":92,"column":4},"end":{"line":92,"column":74}}},"15":{"name":"(anonymous_15)","decl":{"start":{"line":93,"column":4},"end":{"line":93,"column":8}},"loc":{"start":{"line":93,"column":4},"end":{"line":93,"column":34}}}},"branchMap":{"0":{"loc":{"start":{"line":44,"column":32},"end":{"line":44,"column":null}},"type":"if","locations":[{"start":{"line":44,"column":32},"end":{"line":44,"column":null}}]},"1":{"loc":{"start":{"line":51,"column":38},"end":{"line":51,"column":null}},"type":"if","locations":[{"start":{"line":51,"column":38},"end":{"line":51,"column":null}}]},"2":{"loc":{"start":{"line":57,"column":42},"end":{"line":57,"column":null}},"type":"if","locations":[{"start":{"line":57,"column":42},"end":{"line":57,"column":null}}]},"3":{"loc":{"start":{"line":64,"column":8},"end":{"line":64,"column":38}},"type":"if","locations":[{"start":{"line":64,"column":8},"end":{"line":64,"column":38}}]},"4":{"loc":{"start":{"line":68,"column":28},"end":{"line":68,"column":64}},"type":"binary-expr","locations":[{"start":{"line":68,"column":28},"end":{"line":68,"column":44}},{"start":{"line":68,"column":48},"end":{"line":68,"column":64}}]},"5":{"loc":{"start":{"line":74,"column":8},"end":{"line":82,"column":null}},"type":"if","locations":[{"start":{"line":74,"column":8},"end":{"line":82,"column":null}}]},"6":{"loc":{"start":{"line":75,"column":12},"end":{"line":81,"column":null}},"type":"if","locations":[{"start":{"line":75,"column":12},"end":{"line":81,"column":null}},{"start":{"line":78,"column":19},"end":{"line":81,"column":null}}]},"7":{"loc":{"start":{"line":77,"column":16},"end":{"line":77,"column":49}},"type":"if","locations":[{"start":{"line":77,"column":16},"end":{"line":77,"column":49}}]},"8":{"loc":{"start":{"line":78,"column":19},"end":{"line":81,"column":null}},"type":"if","locations":[{"start":{"line":78,"column":19},"end":{"line":81,"column":null}}]},"9":{"loc":{"start":{"line":80,"column":16},"end":{"line":80,"column":49}},"type":"if","locations":[{"start":{"line":80,"column":16},"end":{"line":80,"column":49}}]}},"s":{"0":1,"1":1,"2":0,"3":0,"4":0,"5":0,"6":0,"7":0,"8":0,"9":0,"10":1,"11":0,"12":1,"13":0,"14":1,"15":0,"16":0,"17":0,"18":1,"19":0,"20":0,"21":1,"22":0,"23":0,"24":0,"25":0,"26":0,"27":1,"28":0,"29":0,"30":1,"31":0,"32":0,"33":0,"34":0,"35":0,"36":1,"37":0,"38":0,"39":0,"40":0,"41":1,"42":0,"43":0,"44":0,"45":0,"46":0,"47":1,"48":0,"49":0,"50":0,"51":0,"52":0,"53":0,"54":0,"55":0,"56":0,"57":1,"58":0,"59":0,"60":0,"61":0,"62":0,"63":0,"64":0,"65":0,"66":0,"67":0,"68":0,"69":0,"70":1,"71":0,"72":0,"73":0,"74":0,"75":0,"76":1,"77":0,"78":1,"79":0,"80":1,"81":1},"f":{"0":1,"1":0,"2":0,"3":0,"4":0,"5":0,"6":0,"7":0,"8":0,"9":0,"10":0,"11":0,"12":0,"13":0,"14":0,"15":0},"b":{"0":[0],"1":[0],"2":[0],"3":[0],"4":[0,0],"5":[0],"6":[0,0],"7":[0],"8":[0],"9":[0]}}
,"/Users/addison.calles/Desktop/streetzero/src/cli/init.js": {"path":"/Users/addison.calles/Desktop/streetzero/src/cli/init.js","statementMap":{},"fnMap":{},"branchMap":{},"s":{},"f":{},"b":{}}
,"/Users/addison.calles/Desktop/streetzero/src/helpers/color.ts": {"path":"/Users/addison.calles/Desktop/streetzero/src/helpers/color.ts","statementMap":{"0":{"start":{"line":3,"column":17},"end":{"line":3,"column":72}},"1":{"start":{"line":4,"column":4},"end":{"line":4,"column":131}},"2":{"start":{"line":2,"column":0},"end":{"line":2,"column":16}}},"fnMap":{"0":{"name":"rgba","decl":{"start":{"line":2,"column":16},"end":{"line":2,"column":20}},"loc":{"start":{"line":2,"column":54},"end":{"line":5,"column":3}}}},"branchMap":{"0":{"loc":{"start":{"line":4,"column":11},"end":{"line":4,"column":130}},"type":"cond-expr","locations":[{"start":{"line":4,"column":20},"end":{"line":4,"column":125}},{"start":{"line":4,"column":128},"end":{"line":4,"column":130}}]}},"s":{"0":0,"1":0,"2":1},"f":{"0":0},"b":{"0":[0,0]}}
,"/Users/addison.calles/Desktop/streetzero/src/helpers/math.ts": {"path":"/Users/addison.calles/Desktop/streetzero/src/helpers/math.ts","statementMap":{"0":{"start":{"line":12,"column":18},"end":{"line":12,"column":19}},"1":{"start":{"line":13,"column":22},"end":{"line":13,"column":54}},"2":{"start":{"line":13,"column":50},"end":{"line":13,"column":84}},"3":{"start":{"line":13,"column":13},"end":{"line":13,"column":22}},"4":{"start":{"line":14,"column":34},"end":{"line":14,"column":95}},"5":{"start":{"line":14,"column":88},"end":{"line":14,"column":150}},"6":{"start":{"line":14,"column":13},"end":{"line":14,"column":34}},"7":{"start":{"line":15,"column":32},"end":{"line":18,"column":1}},"8":{"start":{"line":16,"column":20},"end":{"line":16,"column":47}},"9":{"start":{"line":17,"column":4},"end":{"line":17,"column":102}},"10":{"start":{"line":15,"column":13},"end":{"line":15,"column":32}},"11":{"start":{"line":19,"column":32},"end":{"line":19,"column":51}},"12":{"start":{"line":19,"column":50},"end":{"line":19,"column":75}},"13":{"start":{"line":19,"column":13},"end":{"line":19,"column":32}},"14":{"start":{"line":20,"column":32},"end":{"line":20,"column":52}},"15":{"start":{"line":20,"column":51},"end":{"line":20,"column":77}},"16":{"start":{"line":20,"column":13},"end":{"line":20,"column":32}},"17":{"start":{"line":21,"column":26},"end":{"line":25,"column":1}},"18":{"start":{"line":22,"column":16},"end":{"line":22,"column":57}},"19":{"start":{"line":23,"column":16},"end":{"line":23,"column":60}},"20":{"start":{"line":24,"column":4},"end":{"line":24,"column":null}},"21":{"start":{"line":21,"column":13},"end":{"line":21,"column":26}},"22":{"start":{"line":26,"column":23},"end":{"line":26,"column":47}},"23":{"start":{"line":26,"column":37},"end":{"line":26,"column":72}},"24":{"start":{"line":26,"column":13},"end":{"line":26,"column":23}},"25":{"start":{"line":27,"column":38},"end":{"line":31,"column":1}},"26":{"start":{"line":28,"column":20},"end":{"line":28,"column":96}},"27":{"start":{"line":29,"column":20},"end":{"line":29,"column":96}},"28":{"start":{"line":30,"column":4},"end":{"line":30,"column":36}},"29":{"start":{"line":27,"column":13},"end":{"line":27,"column":38}},"30":{"start":{"line":32,"column":34},"end":{"line":34,"column":1}},"31":{"start":{"line":33,"column":4},"end":{"line":33,"column":56}},"32":{"start":{"line":32,"column":13},"end":{"line":32,"column":34}}},"fnMap":{"0":{"name":"(anonymous_0)","decl":{"start":{"line":13,"column":22},"end":{"line":13,"column":23}},"loc":{"start":{"line":13,"column":45},"end":{"line":13,"column":54}}},"1":{"name":"(anonymous_1)","decl":{"start":{"line":14,"column":34},"end":{"line":14,"column":35}},"loc":{"start":{"line":14,"column":83},"end":{"line":14,"column":95}}},"2":{"name":"(anonymous_2)","decl":{"start":{"line":15,"column":32},"end":{"line":15,"column":33}},"loc":{"start":{"line":15,"column":66},"end":{"line":18,"column":1}}},"3":{"name":"(anonymous_3)","decl":{"start":{"line":19,"column":32},"end":{"line":19,"column":33}},"loc":{"start":{"line":19,"column":47},"end":{"line":19,"column":51}}},"4":{"name":"(anonymous_4)","decl":{"start":{"line":20,"column":32},"end":{"line":20,"column":33}},"loc":{"start":{"line":20,"column":47},"end":{"line":20,"column":52}}},"5":{"name":"(anonymous_5)","decl":{"start":{"line":21,"column":26},"end":{"line":21,"column":27}},"loc":{"start":{"line":21,"column":47},"end":{"line":25,"column":1}}},"6":{"name":"(anonymous_6)","decl":{"start":{"line":26,"column":23},"end":{"line":26,"column":24}},"loc":{"start":{"line":26,"column":34},"end":{"line":26,"column":47}}},"7":{"name":"(anonymous_7)","decl":{"start":{"line":27,"column":38},"end":{"line":27,"column":39}},"loc":{"start":{"line":27,"column":71},"end":{"line":31,"column":1}}},"8":{"name":"(anonymous_8)","decl":{"start":{"line":32,"column":34},"end":{"line":32,"column":35}},"loc":{"start":{"line":32,"column":59},"end":{"line":34,"column":1}}}},"branchMap":{"0":{"loc":{"start":{"line":30,"column":12},"end":{"line":30,"column":34}},"type":"binary-expr","locations":[{"start":{"line":30,"column":12},"end":{"line":30,"column":21}},{"start":{"line":30,"column":25},"end":{"line":30,"column":34}}]},"1":{"loc":{"start":{"line":33,"column":11},"end":{"line":33,"column":55}},"type":"binary-expr","locations":[{"start":{"line":33,"column":11},"end":{"line":33,"column":31}},{"start":{"line":33,"column":35},"end":{"line":33,"column":55}}]}},"s":{"0":3,"1":3,"2":1,"3":3,"4":3,"5":5,"6":3,"7":3,"8":3,"9":3,"10":3,"11":3,"12":3,"13":3,"14":3,"15":3,"16":3,"17":3,"18":3,"19":3,"20":3,"21":3,"22":3,"23":17,"24":3,"25":3,"26":0,"27":0,"28":0,"29":3,"30":3,"31":0,"32":3},"f":{"0":1,"1":5,"2":3,"3":3,"4":3,"5":3,"6":17,"7":0,"8":0},"b":{"0":[0,0],"1":[0,0]}}
,"/Users/addison.calles/Desktop/streetzero/src/templates/space/main.js": {"path":"/Users/addison.calles/Desktop/streetzero/src/templates/space/main.js","statementMap":{"0":{"start":{"line":5,"column":15},"end":{"line":5,"column":48}},"1":{"start":{"line":6,"column":12},"end":{"line":6,"column":35}},"2":{"start":{"line":7,"column":0},"end":{"line":7,"column":32}},"3":{"start":{"line":8,"column":0},"end":{"line":8,"column":35}},"4":{"start":{"line":10,"column":18},"end":{"line":10,"column":19}},"5":{"start":{"line":11,"column":15},"end":{"line":11,"column":35}},"6":{"start":{"line":13,"column":13},"end":{"line":13,"column":29}},"7":{"start":{"line":14,"column":0},"end":{"line":14,"column":17}},"8":{"start":{"line":15,"column":0},"end":{"line":17,"column":3}},"9":{"start":{"line":16,"column":2},"end":{"line":16,"column":34}},"10":{"start":{"line":18,"column":0},"end":{"line":20,"column":3}},"11":{"start":{"line":22,"column":19},"end":{"line":60,"column":1}},"12":{"start":{"line":23,"column":12},"end":{"line":23,"column":14}},"13":{"start":{"line":24,"column":19},"end":{"line":24,"column":20}},"14":{"start":{"line":25,"column":2},"end":{"line":25,"column":34}},"15":{"start":{"line":26,"column":2},"end":{"line":59,"column":32}},"16":{"start":{"line":27,"column":4},"end":{"line":27,"column":53}},"17":{"start":{"line":28,"column":4},"end":{"line":28,"column":18}},"18":{"start":{"line":29,"column":4},"end":{"line":33,"column":5}},"19":{"start":{"line":30,"column":6},"end":{"line":30,"column":30}},"20":{"start":{"line":31,"column":6},"end":{"line":31,"column":29}},"21":{"start":{"line":32,"column":6},"end":{"line":32,"column":91}},"22":{"start":{"line":42,"column":16},"end":{"line":42,"column":36}},"23":{"start":{"line":43,"column":28},"end":{"line":43,"column":44}},"24":{"start":{"line":44,"column":17},"end":{"line":44,"column":50}},"25":{"start":{"line":46,"column":4},"end":{"line":50,"column":5}},"26":{"start":{"line":47,"column":6},"end":{"line":47,"column":38}},"27":{"start":{"line":48,"column":6},"end":{"line":48,"column":23}},"28":{"start":{"line":49,"column":6},"end":{"line":49,"column":21}},"29":{"start":{"line":52,"column":4},"end":{"line":52,"column":28}},"30":{"start":{"line":53,"column":4},"end":{"line":53,"column":38}},"31":{"start":{"line":54,"column":4},"end":{"line":54,"column":108}},"32":{"start":{"line":55,"column":4},"end":{"line":55,"column":67}},"33":{"start":{"line":56,"column":4},"end":{"line":56,"column":94}},"34":{"start":{"line":57,"column":4},"end":{"line":57,"column":17}},"35":{"start":{"line":62,"column":12},"end":{"line":62,"column":24}}},"fnMap":{"0":{"name":"(anonymous_0)","decl":{"start":{"line":15,"column":25},"end":{"line":15,"column":26}},"loc":{"start":{"line":15,"column":31},"end":{"line":17,"column":1}},"line":15},"1":{"name":"(anonymous_1)","decl":{"start":{"line":18,"column":29},"end":{"line":18,"column":30}},"loc":{"start":{"line":18,"column":33},"end":{"line":20,"column":1}},"line":18},"2":{"name":"(anonymous_2)","decl":{"start":{"line":22,"column":19},"end":{"line":22,"column":20}},"loc":{"start":{"line":22,"column":25},"end":{"line":60,"column":1}},"line":22},"3":{"name":"(anonymous_3)","decl":{"start":{"line":26,"column":21},"end":{"line":26,"column":22}},"loc":{"start":{"line":26,"column":27},"end":{"line":59,"column":3}},"line":26}},"branchMap":{"0":{"loc":{"start":{"line":29,"column":4},"end":{"line":33,"column":5}},"type":"if","locations":[{"start":{"line":29,"column":4},"end":{"line":33,"column":5}},{"start":{},"end":{}}],"line":29},"1":{"loc":{"start":{"line":46,"column":4},"end":{"line":50,"column":5}},"type":"if","locations":[{"start":{"line":46,"column":4},"end":{"line":50,"column":5}},{"start":{},"end":{}}],"line":46},"2":{"loc":{"start":{"line":56,"column":40},"end":{"line":56,"column":78}},"type":"cond-expr","locations":[{"start":{"line":56,"column":71},"end":{"line":56,"column":72}},{"start":{"line":56,"column":74},"end":{"line":56,"column":78}}],"line":56},"3":{"loc":{"start":{"line":56,"column":40},"end":{"line":56,"column":69}},"type":"binary-expr","locations":[{"start":{"line":56,"column":40},"end":{"line":56,"column":53}},{"start":{"line":56,"column":57},"end":{"line":56,"column":69}}],"line":56}},"s":{"0":0,"1":0,"2":0,"3":0,"4":0,"5":0,"6":0,"7":0,"8":0,"9":0,"10":0,"11":0,"12":0,"13":0,"14":0,"15":0,"16":0,"17":0,"18":0,"19":0,"20":0,"21":0,"22":0,"23":0,"24":0,"25":0,"26":0,"27":0,"28":0,"29":0,"30":0,"31":0,"32":0,"33":0,"34":0,"35":0},"f":{"0":0,"1":0,"2":0,"3":0},"b":{"0":[0,0],"1":[0,0],"2":[0,0],"3":[0,0]}}
}
